[17:14:28] This is prokka 1.14.6
[17:14:28] Written by Torsten Seemann <torsten.seemann@gmail.com>
[17:14:28] Homepage is https://github.com/tseemann/prokka
[17:14:28] Local time is Tue Oct  1 17:14:28 2024
[17:14:28] You are almualzm
[17:14:28] Operating system is linux
[17:14:28] You have BioPerl 1.007002
[17:14:28] System has 40 cores.
[17:14:28] Will use maximum of 8 cores.
[17:14:28] Annotating as >>> Bacteria <<<
[17:14:28] Generating locus_tag from '../ncbi_dataset/data/GCA_000008725.1/GCA_000008725.1_ASM872v1_genomic.fna' contents.
[17:14:28] Setting --locustag CNACAJDA from MD5 c7aca3dae1027712d02c82ebcb26f5ff
[17:14:28] Re-using existing --outdir tmp/
[17:14:28] Using filename prefix: GCA_000008725.1_ASM872v1_genomic.XXX
[17:14:28] Setting HMMER_NCPU=1
[17:14:28] Writing log to: tmp//GCA_000008725.1_ASM872v1_genomic.log
[17:14:28] Command: /ibex/sw/csi/prokka/1.14.5/conda2/miniconda2/bin/prokka --outdir tmp/ --force --prefix GCA_000008725.1_ASM872v1_genomic ../ncbi_dataset/data/GCA_000008725.1/GCA_000008725.1_ASM872v1_genomic.fna
[17:14:28] Appending to PATH: /ibex/sw/csi/prokka/1.14.5/conda2/miniconda2/bin
[17:14:28] Looking for 'aragorn' - found /ibex/sw/csi/prokka/1.14.5/conda2/miniconda2/bin/aragorn
[17:14:28] Determined aragorn version is 001002 from 'ARAGORN v1.2.38 Dean Laslett'
[17:14:28] Looking for 'barrnap' - found /ibex/sw/csi/prokka/1.14.5/conda2/miniconda2/bin/barrnap
[17:14:28] Determined barrnap version is 000009 from 'barrnap 0.9'
[17:14:28] Looking for 'blastp' - found /ibex/sw/csi/prokka/1.14.5/conda2/miniconda2/bin/blastp
[17:14:29] Determined blastp version is 002010 from 'blastp: 2.10.1+'
[17:14:29] Looking for 'cmpress' - found /ibex/sw/csi/prokka/1.14.5/conda2/miniconda2/bin/cmpress
[17:14:29] Determined cmpress version is 001001 from '# INFERNAL 1.1.3 (Nov 2019)'
[17:14:29] Looking for 'cmscan' - found /ibex/sw/csi/prokka/1.14.5/conda2/miniconda2/bin/cmscan
[17:14:29] Determined cmscan version is 001001 from '# INFERNAL 1.1.3 (Nov 2019)'
[17:14:29] Looking for 'egrep' - found /usr/bin/egrep
[17:14:29] Looking for 'find' - found /usr/bin/find
[17:14:29] Looking for 'grep' - found /usr/bin/grep
[17:14:29] Looking for 'hmmpress' - found /ibex/sw/csi/prokka/1.14.5/conda2/miniconda2/bin/hmmpress
[17:14:29] Determined hmmpress version is 003003 from '# HMMER 3.3.2 (Nov 2020); http://hmmer.org/'
[17:14:29] Looking for 'hmmscan' - found /ibex/sw/csi/prokka/1.14.5/conda2/miniconda2/bin/hmmscan
[17:14:29] Determined hmmscan version is 003003 from '# HMMER 3.3.2 (Nov 2020); http://hmmer.org/'
[17:14:29] Looking for 'java' - found /ibex/sw/csi/prokka/1.14.5/conda2/miniconda2/bin/java
[17:14:29] Looking for 'makeblastdb' - found /ibex/sw/csi/prokka/1.14.5/conda2/miniconda2/bin/makeblastdb
[17:14:29] Determined makeblastdb version is 002010 from 'makeblastdb: 2.10.1+'
[17:14:29] Looking for 'minced' - found /ibex/sw/csi/prokka/1.14.5/conda2/miniconda2/bin/minced
[17:14:29] Determined minced version is 004002 from 'minced 0.4.2'
[17:14:29] Looking for 'parallel' - found /ibex/sw/csi/prokka/1.14.5/conda2/miniconda2/bin/parallel
[17:14:29] Determined parallel version is 20201122 from 'GNU parallel 20201122'
[17:14:29] Looking for 'prodigal' - found /ibex/sw/csi/prokka/1.14.5/conda2/miniconda2/bin/prodigal
[17:14:29] Determined prodigal version is 002006 from 'Prodigal V2.6.3: February, 2016'
[17:14:29] Looking for 'prokka-genbank_to_fasta_db' - found /ibex/sw/csi/prokka/1.14.5/conda2/miniconda2/bin/prokka-genbank_to_fasta_db
[17:14:29] Looking for 'sed' - found /usr/bin/sed
[17:14:29] Looking for 'tbl2asn' - found /ibex/sw/csi/prokka/1.14.5/conda2/miniconda2/bin/tbl2asn
[17:14:29] Determined tbl2asn version is 025007 from 'tbl2asn 25.7   arguments:'
[17:14:29] Using genetic code table 11.
[17:14:29] Loading and checking input file: ../ncbi_dataset/data/GCA_000008725.1/GCA_000008725.1_ASM872v1_genomic.fna
[17:14:29] Wrote 1 contigs totalling 1042519 bp.
[17:14:29] Predicting tRNAs and tmRNAs
[17:14:29] Running: aragorn -l -gc11  -w tmp\/\/GCA_000008725\.1_ASM872v1_genomic\.fna
[17:14:29] 1 tmRNA c[20666,21082] 92,160 AEPKAECEIISFADLEDLRVAA*
[17:14:29] 2 tRNA-Asn c[42728,42802] 34 (gtt)
[17:14:29] 3 tRNA-Pro c[68920,68996] 37 (tgg)
[17:14:29] 4 tRNA-Thr [158661,158736] 35 (tgt)
[17:14:29] 5 tRNA-Tyr [158743,158827] 36 (gta)
[17:14:29] 6 tRNA-Ile c[202340,202415] 36 (gat)
[17:14:29] 7 tRNA-Ala c[202420,202492] 34 (tgc)
[17:14:29] 8 tRNA-Met c[234283,234356] 35 (cat)
[17:14:29] 9 tRNA-Met c[234375,234447] 34 (cat)
[17:14:29] 10 tRNA-Asp c[250288,250363] 36 (gtc)
[17:14:29] 11 tRNA-Val c[250369,250443] 35 (tac)
[17:14:29] 12 tRNA-Trp c[361866,361940] 35 (cca)
[17:14:29] 13 tRNA-Thr c[363210,363281] 33 (ggt)
[17:14:29] 14 tRNA-Met [368395,368469] 35 (cat)
[17:14:29] 15 tRNA-Ser [409237,409325] 36 (cga)
[17:14:29] 16 tRNA-Ser c[485242,485331] 36 (gga)
[17:14:29] 17 tRNA-Phe c[489980,490056] 35 (gaa)
[17:14:29] 18 tRNA-Leu [541062,541146] 35 (caa)
[17:14:29] 19 tRNA-Arg [543862,543936] 35 (tcg)
[17:14:29] 20 tRNA-Leu c[545988,546071] 36 (gag)
[17:14:29] 21 tRNA-Ser c[574896,574986] 36 (gct)
[17:14:29] 22 tRNA-Leu c[581986,582069] 34 (taa)
[17:14:29] 23 tRNA-Leu [605751,605836] 36 (cag)
[17:14:29] 24 tRNA-Arg c[682213,682287] 35 (acg)
[17:14:29] 25 tRNA-Pro [718302,718378] 36 (ggg)
[17:14:29] 26 tRNA-Ala c[725436,725508] 34 (ggc)
[17:14:29] 27 tRNA-Arg [752670,752744] 35 (tct)
[17:14:29] 28 tRNA-Thr [773399,773471] 34 (cgt)
[17:14:29] 29 tRNA-Lys c[775264,775336] 34 (ttt)
[17:14:29] 30 tRNA-Glu c[775352,775428] 38 (ttc)
[17:14:29] 31 tRNA-Gly c[778591,778661] 33 (tcc)
[17:14:29] 32 tRNA-Gly c[814540,814611] 33 (gcc)
[17:14:29] 33 tRNA-His c[853554,853628] 35 (gtg)
[17:14:29] 34 tRNA-Cys c[887936,888006] 33 (gca)
[17:14:29] 35 tRNA-Gln [937061,937134] 34 (ttg)
[17:14:29] 36 tRNA-Val c[979519,979595] 36 (gac)
[17:14:29] 37 tRNA-Ser [984330,984415] 35 (tga)
[17:14:29] 38 tRNA-Leu [1018110,1018193] 36 (tag)
[17:14:29] Found 38 tRNAs
[17:14:29] Predicting Ribosomal RNAs
[17:14:29] Running Barrnap with 8 threads
[17:14:30] 1 AE001273.1 854127 16S ribosomal RNA
[17:14:30] 2 AE001273.1 855928 23S ribosomal RNA
[17:14:30] 3 AE001273.1 858984 5S ribosomal RNA
[17:14:30] 4 AE001273.1 876173 16S ribosomal RNA
[17:14:30] 5 AE001273.1 877974 23S ribosomal RNA
[17:14:30] 6 AE001273.1 881029 5S ribosomal RNA
[17:14:30] Found 6 rRNAs
[17:14:30] Skipping ncRNA search, enable with --rfam if desired.
[17:14:30] Total of 43 tRNA + rRNA features
[17:14:30] Searching for CRISPR repeats
[17:14:31] Found 0 CRISPRs
[17:14:31] Predicting coding sequences
[17:14:31] Contigs total 1042519 bp, so using single mode
[17:14:31] Running: prodigal -i tmp\/\/GCA_000008725\.1_ASM872v1_genomic\.fna -c -m -g 11 -p single -f sco -q
[17:14:32] Excluding CDS which overlaps existing RNA (tRNA) at AE001273.1:158716..158835 on - strand
[17:14:32] Excluding CDS which overlaps existing RNA (tRNA) at AE001273.1:853464..853736 on + strand
[17:14:32] Excluding CDS which overlaps existing RNA (rRNA) at AE001273.1:857821..858450 on - strand
[17:14:32] Excluding CDS which overlaps existing RNA (rRNA) at AE001273.1:879867..880496 on - strand
[17:14:32] Excluding CDS which overlaps existing RNA (tRNA) at AE001273.1:978856..979530 on + strand
[17:14:33] Found 892 CDS
[17:14:33] Connecting features back to sequences
[17:14:33] Not using genus-specific database. Try --usegenus to enable it.
[17:14:33] Annotating CDS, please be patient.
[17:14:33] Will use 8 CPUs for similarity searching.
[17:14:33] There are still 892 unannotated CDS left (started with 892)
[17:14:33] Will use blast to search against /ibex/sw/csi/prokka/1.14.5/conda2/miniconda2/db/kingdom/Bacteria/IS with 8 CPUs
[17:14:33] Running: cat tmp\/\/GCA_000008725\.1_ASM872v1_genomic\.IS\.tmp\.631625\.faa | parallel --gnu --plain -j 8 --block 19774 --recstart '>' --pipe blastp -query - -db /ibex/sw/csi/prokka/1.14.5/conda2/miniconda2/db/kingdom/Bacteria/IS -evalue 1e-30 -qcov_hsp_perc 90 -num_threads 1 -num_descriptions 1 -num_alignments 1 -seg no > tmp\/\/GCA_000008725\.1_ASM872v1_genomic\.IS\.tmp\.631625\.blast 2> /dev/null
[17:14:36] Deleting unwanted file: tmp//GCA_000008725.1_ASM872v1_genomic.IS.tmp.631625.faa
[17:14:36] Deleting unwanted file: tmp//GCA_000008725.1_ASM872v1_genomic.IS.tmp.631625.blast
[17:14:36] There are still 892 unannotated CDS left (started with 892)
[17:14:36] Will use blast to search against /ibex/sw/csi/prokka/1.14.5/conda2/miniconda2/db/kingdom/Bacteria/AMR with 8 CPUs
[17:14:36] Running: cat tmp\/\/GCA_000008725\.1_ASM872v1_genomic\.AMR\.tmp\.631625\.faa | parallel --gnu --plain -j 8 --block 19774 --recstart '>' --pipe blastp -query - -db /ibex/sw/csi/prokka/1.14.5/conda2/miniconda2/db/kingdom/Bacteria/AMR -evalue 9.99999999999999e-301 -qcov_hsp_perc 90 -num_threads 1 -num_descriptions 1 -num_alignments 1 -seg no > tmp\/\/GCA_000008725\.1_ASM872v1_genomic\.AMR\.tmp\.631625\.blast 2> /dev/null
[17:14:38] Deleting unwanted file: tmp//GCA_000008725.1_ASM872v1_genomic.AMR.tmp.631625.faa
[17:14:38] Deleting unwanted file: tmp//GCA_000008725.1_ASM872v1_genomic.AMR.tmp.631625.blast
[17:14:39] There are still 892 unannotated CDS left (started with 892)
[17:14:39] Will use blast to search against /ibex/sw/csi/prokka/1.14.5/conda2/miniconda2/db/kingdom/Bacteria/sprot with 8 CPUs
[17:14:39] Running: cat tmp\/\/GCA_000008725\.1_ASM872v1_genomic\.sprot\.tmp\.631625\.faa | parallel --gnu --plain -j 8 --block 19774 --recstart '>' --pipe blastp -query - -db /ibex/sw/csi/prokka/1.14.5/conda2/miniconda2/db/kingdom/Bacteria/sprot -evalue 1e-09 -qcov_hsp_perc 80 -num_threads 1 -num_descriptions 1 -num_alignments 1 -seg no > tmp\/\/GCA_000008725\.1_ASM872v1_genomic\.sprot\.tmp\.631625\.blast 2> /dev/null
[17:14:49] Modify product: UPF0053 protein HI_0107 => hypothetical protein
[17:14:49] Modify product: UPF0053 inner membrane protein YfjD => hypothetical protein
[17:14:49] Modify product: Uncharacterized ABC transporter ATP-binding protein YbiT => putative ABC transporter ATP-binding protein YbiT
[17:14:49] Modify product: Probable ABC transporter arginine-binding protein ArtJ => putative ABC transporter arginine-binding protein ArtJ
[17:14:49] Modify product: Bifunctional protein FolD => Bifunctional protein FolD protein
[17:14:49] Modify product: GTP cyclohydrolase 1 type 2 homolog => GTP cyclohydrolase 1 type 2 
[17:14:49] Modify product: Probable D,D-dipeptide transport ATP-binding protein DdpF => putative D,D-dipeptide transport ATP-binding protein DdpF
[17:14:49] Modify product: UPF0301 protein YqgE => hypothetical protein
[17:14:49] Modify product: Glycogen operon protein GlgX homolog => Glycogen operon protein GlgX 
[17:14:49] Modify product: Probable cytosol aminopeptidase => putative cytosol aminopeptidase
[17:14:49] Modify product: Probable outer membrane protein PmpA => putative outer membrane protein PmpA
[17:14:49] Modify product: Probable outer membrane protein PmpB => putative outer membrane protein PmpB
[17:14:49] Modify product: Probable outer membrane protein PmpC => putative outer membrane protein PmpC
[17:14:49] Modify product: Probable type II secretion system protein HxcR => putative type II secretion system protein HxcR
[17:14:49] Modify product: Uncharacterized peptidase SA1530 => putative peptidase
[17:14:49] Modify product: Protein CPn_0803/CP_1068/CPj0803/CpB0832 => Protein/CP_1068/CPj0803/CpB0832
[17:14:49] Modify product: Probable oxidoreductase CT_610 => putative oxidoreductase CT_610
[17:14:49] Modify product: Probable transcriptional regulatory protein aq_1575 => putative transcriptional regulatory protein
[17:14:49] Modify product: Probable uridylyltransferase SA1974 => putative uridylyltransferase
[17:14:49] Modify product: Probable secretion system apparatus ATP synthase SsaN => putative secretion system apparatus ATP synthase SsaN
[17:14:49] Modify product: Probable cadmium-transporting ATPase => putative cadmium-transporting ATPase
[17:14:49] Modify product: UPF0098 protein CT_736 => hypothetical protein
[17:14:50] Modify product: Probable peptidoglycan glycosyltransferase FtsW => putative peptidoglycan glycosyltransferase FtsW
[17:14:50] Modify product: UPF0176 protein SP_0095 => hypothetical protein
[17:14:50] Modify product: Uncharacterized protein CT_666 => putative protein CT_666
[17:14:50] Modify product: Probable outer membrane protein PmpD => putative outer membrane protein PmpD
[17:14:50] Modify product: Probable ATP synthase YscN => putative ATP synthase YscN
[17:14:50] Modify product: Uncharacterized protein CT_671 => putative protein CT_671
[17:14:50] Modify product: Probable ATP-dependent transporter SufC => putative ATP-dependent transporter SufC
[17:14:50] Modify product: Probable cysteine desulfurase => putative cysteine desulfurase
[17:14:50] Modify product: UPF0111 protein HI_1603 => hypothetical protein
[17:14:50] Modify product: UPF0056 inner membrane protein YhgN => hypothetical protein
[17:14:50] Modify product: Probable outer membrane protein PmpE => putative outer membrane protein PmpE
[17:14:50] Modify product: Probable outer membrane protein PmpF => putative outer membrane protein PmpF
[17:14:50] Modify product: Probable outer membrane protein PmpG => putative outer membrane protein PmpG
[17:14:50] Modify product: Probable outer membrane protein PmpH => putative outer membrane protein PmpH
[17:14:50] Modify product: Probable outer membrane protein PmpI => putative outer membrane protein PmpI
[17:14:50] Cleaned 37 /product names
[17:14:50] Deleting unwanted file: tmp//GCA_000008725.1_ASM872v1_genomic.sprot.tmp.631625.faa
[17:14:50] Deleting unwanted file: tmp//GCA_000008725.1_ASM872v1_genomic.sprot.tmp.631625.blast
[17:14:50] There are still 440 unannotated CDS left (started with 892)
[17:14:50] Will use hmmer3 to search against /ibex/sw/csi/prokka/1.14.5/conda2/miniconda2/db/hmm/HAMAP.hmm with 8 CPUs
[17:14:50] Running: cat tmp\/\/GCA_000008725\.1_ASM872v1_genomic\.HAMAP\.hmm\.tmp\.631625\.faa | parallel --gnu --plain -j 8 --block 8972 --recstart '>' --pipe hmmscan --noali --notextw --acc -E 1e-09 --cpu 1 /ibex/sw/csi/prokka/1.14.5/conda2/miniconda2/db/hmm/HAMAP.hmm /dev/stdin > tmp\/\/GCA_000008725\.1_ASM872v1_genomic\.HAMAP\.hmm\.tmp\.631625\.hmmer3 2> /dev/null
[17:14:53] Deleting unwanted file: tmp//GCA_000008725.1_ASM872v1_genomic.HAMAP.hmm.tmp.631625.faa
[17:14:53] Deleting unwanted file: tmp//GCA_000008725.1_ASM872v1_genomic.HAMAP.hmm.tmp.631625.hmmer3
[17:14:53] Labelling remaining 347 proteins as 'hypothetical protein'
[17:14:53] Possible /pseudo 'Cardiolipin synthase A' at AE001273.1 position 179440
[17:14:53] Found 496 unique /gene codes.
[17:14:53] Fixed 2 duplicate /gene - gyrA_1 gyrA_2
[17:14:53] Fixed 2 duplicate /gene - dinG_1 dinG_2
[17:14:53] Fixed 2 duplicate /gene - oppA_1 oppA_2
[17:14:53] Fixed 2 duplicate /gene - dxs_1 dxs_2
[17:14:53] Fixed 2 duplicate /gene - efp_1 efp_2
[17:14:53] Fixed 2 duplicate /gene - sctC_1 sctC_2
[17:14:53] Fixed 2 duplicate /gene - oppD_1 oppD_2
[17:14:53] Fixed 2 duplicate /gene - tlcA_1 tlcA_2
[17:14:53] Fixed 2 duplicate /gene - pgsA_1 pgsA_2
[17:14:53] Fixed 2 duplicate /gene - gyrB_1 gyrB_2
[17:14:53] Fixed 2 duplicate /gene - pfp_1 pfp_2
[17:14:53] Fixed 2 duplicate /gene - mntB_1 mntB_2
[17:14:53] Fixed 2 duplicate /gene - alsT_1 alsT_2
[17:14:53] Fixed 4 duplicate /gene - clsA_1 clsA_2 clsA_3 clsA_4
[17:14:53] Fixed 2 duplicate /gene - tyrP_1 tyrP_2
[17:14:53] Fixed 2 duplicate /gene - dnaA_1 dnaA_2
[17:14:53] Fixed 2 duplicate /gene - groL_1 groL_2
[17:14:53] Fixed 2 duplicate /gene - pknD_1 pknD_2
[17:14:53] Fixed 2 duplicate /gene - pdhC_1 pdhC_2
[17:14:53] Fixed 19 colliding /gene names.
[17:14:53] Adding /locus_tag identifiers
[17:14:53] Assigned 936 locus_tags to CDS and RNA features.
[17:14:53] Writing outputs to tmp//
[17:14:54] Generating annotation statistics file
[17:14:54] Generating Genbank and Sequin files
[17:14:54] Running: tbl2asn -V b -a r10k -l paired-ends -M n -N 1 -y 'Annotated using prokka 1.14.6 from https://github.com/tseemann/prokka' -Z tmp\/\/GCA_000008725\.1_ASM872v1_genomic\.err -i tmp\/\/GCA_000008725\.1_ASM872v1_genomic\.fsa 2> /dev/null
[17:14:55] Deleting unwanted file: tmp//errorsummary.val
[17:14:55] Deleting unwanted file: tmp//GCA_000008725.1_ASM872v1_genomic.dr
[17:14:55] Deleting unwanted file: tmp//GCA_000008725.1_ASM872v1_genomic.fixedproducts
[17:14:55] Deleting unwanted file: tmp//GCA_000008725.1_ASM872v1_genomic.ecn
[17:14:55] Deleting unwanted file: tmp//GCA_000008725.1_ASM872v1_genomic.val
[17:14:55] Repairing broken .GBK output that tbl2asn produces...
[17:14:55] Running: sed 's/COORDINATES: profile/COORDINATES:profile/' < tmp\/\/GCA_000008725\.1_ASM872v1_genomic\.gbf > tmp\/\/GCA_000008725\.1_ASM872v1_genomic\.gbk
[17:14:55] Deleting unwanted file: tmp//GCA_000008725.1_ASM872v1_genomic.gbf
[17:14:55] Output files:
[17:14:55] tmp/GCA_000008725.1_ASM872v1_genomic.log
[17:14:55] tmp/GCA_000008725.1_ASM872v1_genomic.fna
[17:14:55] tmp/GCA_000008725.1_ASM872v1_genomic.gff
[17:14:55] tmp/GCA_000008725.1_ASM872v1_genomic.faa
[17:14:55] tmp/GCA_000008725.1_ASM872v1_genomic.ffn
[17:14:55] tmp/GCA_000008725.1_ASM872v1_genomic.tbl
[17:14:55] tmp/GCA_000008725.1_ASM872v1_genomic.fsa
[17:14:55] tmp/GCA_000008725.1_ASM872v1_genomic.tsv
[17:14:55] tmp/GCA_000008725.1_ASM872v1_genomic.txt
[17:14:55] tmp/GCA_000008725.1_ASM872v1_genomic.sqn
[17:14:55] tmp/GCA_000008725.1_ASM872v1_genomic.gbk
[17:14:55] tmp/GCA_000008725.1_ASM872v1_genomic.err
[17:14:55] Annotation finished successfully.
[17:14:55] Walltime used: 0.45 minutes
[17:14:55] If you use this result please cite the Prokka paper:
[17:14:55] Seemann T (2014) Prokka: rapid prokaryotic genome annotation. Bioinformatics. 30(14):2068-9.
[17:14:55] Type 'prokka --citation' for more details.
[17:14:55] Share and enjoy!
