[17:33:07] This is prokka 1.14.6
[17:33:07] Written by Torsten Seemann <torsten.seemann@gmail.com>
[17:33:07] Homepage is https://github.com/tseemann/prokka
[17:33:07] Local time is Tue Oct  1 17:33:07 2024
[17:33:07] You are almualzm
[17:33:07] Operating system is linux
[17:33:07] You have BioPerl 1.007002
[17:33:07] System has 40 cores.
[17:33:07] Will use maximum of 8 cores.
[17:33:07] Annotating as >>> Bacteria <<<
[17:33:07] Generating locus_tag from '../ncbi_dataset/data/GCF_000091085.2/GCF_000091085.2_ASM9108v2_genomic.fna' contents.
[17:33:07] Setting --locustag MMHIJJIH from MD5 661233218780e5273af48a6b91bbf9bc
[17:33:07] Re-using existing --outdir tmp/
[17:33:07] Using filename prefix: GCF_000091085.2_ASM9108v2_genomic.XXX
[17:33:07] Setting HMMER_NCPU=1
[17:33:07] Writing log to: tmp//GCF_000091085.2_ASM9108v2_genomic.log
[17:33:07] Command: /ibex/sw/csi/prokka/1.14.5/conda2/miniconda2/bin/prokka --outdir tmp/ --force --prefix GCF_000091085.2_ASM9108v2_genomic ../ncbi_dataset/data/GCF_000091085.2/GCF_000091085.2_ASM9108v2_genomic.fna
[17:33:07] Appending to PATH: /ibex/sw/csi/prokka/1.14.5/conda2/miniconda2/bin
[17:33:07] Looking for 'aragorn' - found /ibex/sw/csi/prokka/1.14.5/conda2/miniconda2/bin/aragorn
[17:33:07] Determined aragorn version is 001002 from 'ARAGORN v1.2.38 Dean Laslett'
[17:33:07] Looking for 'barrnap' - found /ibex/sw/csi/prokka/1.14.5/conda2/miniconda2/bin/barrnap
[17:33:07] Determined barrnap version is 000009 from 'barrnap 0.9'
[17:33:07] Looking for 'blastp' - found /ibex/sw/csi/prokka/1.14.5/conda2/miniconda2/bin/blastp
[17:33:08] Determined blastp version is 002010 from 'blastp: 2.10.1+'
[17:33:08] Looking for 'cmpress' - found /ibex/sw/csi/prokka/1.14.5/conda2/miniconda2/bin/cmpress
[17:33:08] Determined cmpress version is 001001 from '# INFERNAL 1.1.3 (Nov 2019)'
[17:33:08] Looking for 'cmscan' - found /ibex/sw/csi/prokka/1.14.5/conda2/miniconda2/bin/cmscan
[17:33:08] Determined cmscan version is 001001 from '# INFERNAL 1.1.3 (Nov 2019)'
[17:33:08] Looking for 'egrep' - found /usr/bin/egrep
[17:33:08] Looking for 'find' - found /usr/bin/find
[17:33:08] Looking for 'grep' - found /usr/bin/grep
[17:33:08] Looking for 'hmmpress' - found /ibex/sw/csi/prokka/1.14.5/conda2/miniconda2/bin/hmmpress
[17:33:08] Determined hmmpress version is 003003 from '# HMMER 3.3.2 (Nov 2020); http://hmmer.org/'
[17:33:08] Looking for 'hmmscan' - found /ibex/sw/csi/prokka/1.14.5/conda2/miniconda2/bin/hmmscan
[17:33:08] Determined hmmscan version is 003003 from '# HMMER 3.3.2 (Nov 2020); http://hmmer.org/'
[17:33:08] Looking for 'java' - found /ibex/sw/csi/prokka/1.14.5/conda2/miniconda2/bin/java
[17:33:08] Looking for 'makeblastdb' - found /ibex/sw/csi/prokka/1.14.5/conda2/miniconda2/bin/makeblastdb
[17:33:08] Determined makeblastdb version is 002010 from 'makeblastdb: 2.10.1+'
[17:33:08] Looking for 'minced' - found /ibex/sw/csi/prokka/1.14.5/conda2/miniconda2/bin/minced
[17:33:08] Determined minced version is 004002 from 'minced 0.4.2'
[17:33:08] Looking for 'parallel' - found /ibex/sw/csi/prokka/1.14.5/conda2/miniconda2/bin/parallel
[17:33:08] Determined parallel version is 20201122 from 'GNU parallel 20201122'
[17:33:08] Looking for 'prodigal' - found /ibex/sw/csi/prokka/1.14.5/conda2/miniconda2/bin/prodigal
[17:33:08] Determined prodigal version is 002006 from 'Prodigal V2.6.3: February, 2016'
[17:33:08] Looking for 'prokka-genbank_to_fasta_db' - found /ibex/sw/csi/prokka/1.14.5/conda2/miniconda2/bin/prokka-genbank_to_fasta_db
[17:33:08] Looking for 'sed' - found /usr/bin/sed
[17:33:08] Looking for 'tbl2asn' - found /ibex/sw/csi/prokka/1.14.5/conda2/miniconda2/bin/tbl2asn
[17:33:08] Determined tbl2asn version is 025007 from 'tbl2asn 25.7   arguments:'
[17:33:08] Using genetic code table 11.
[17:33:08] Loading and checking input file: ../ncbi_dataset/data/GCF_000091085.2/GCF_000091085.2_ASM9108v2_genomic.fna
[17:33:08] Wrote 1 contigs totalling 1229853 bp.
[17:33:08] Predicting tRNAs and tmRNAs
[17:33:08] Running: aragorn -l -gc11  -w tmp\/\/GCF_000091085\.2_ASM9108v2_genomic\.fna
[17:33:08] 1 tRNA-Ala c[5393,5467] 35 (ggc)
[17:33:08] 2 tRNA-Arg [34172,34244] 34 (tct)
[17:33:08] 3 tRNA-Thr [54804,54879] 35 (cgt)
[17:33:08] 4 tRNA-Lys c[56591,56663] 34 (ttt)
[17:33:08] 5 tRNA-Glu c[56688,56764] 38 (ttc)
[17:33:08] 6 tRNA-Gly c[59905,59975] 33 (tcc)
[17:33:08] 7 tRNA-Leu c[102099,102182] 35 (cag)
[17:33:08] 8 tRNA-Leu [125613,125697] 35 (taa)
[17:33:08] 9 tRNA-Ser [133144,133231] 35 (gct)
[17:33:08] 10 tRNA-Leu [161325,161408] 36 (gag)
[17:33:08] 11 tRNA-Arg c[164248,164321] 35 (tcg)
[17:33:08] 12 tRNA-Leu c[169266,169350] 35 (caa)
[17:33:08] 13 tRNA-Phe [210139,210213] 35 (gaa)
[17:33:08] 14 tRNA-Ser [214597,214685] 36 (gga)
[17:33:08] 15 tRNA-Arg c[378982,379057] 36 (cct)
[17:33:08] 16 tRNA-Pro c[431275,431349] 36 (tgg)
[17:33:08] 17 tRNA-Asp c[545058,545133] 36 (gtc)
[17:33:08] 18 tRNA-Val c[545135,545209] 35 (tac)
[17:33:08] 19 tRNA-Thr [547805,547879] 35 (tgt)
[17:33:08] 20 tRNA-Tyr [547884,547967] 35 (gta)
[17:33:08] 21 tRNA-Ala [572141,572213] 34 (tgc)
[17:33:08] 22 tRNA-Ile [572218,572291] 35 (gat)
[17:33:08] 23 tRNA-Met c[641807,641885] 36 (cat)
[17:33:08] 24 tRNA-Met c[641899,641973] 35 (cat)
[17:33:08] 25 tRNA-Asn [676811,676884] 34 (gtt)
[17:33:08] 26 tmRNA [702708,703130] 92,160 AEPKAECEIISLFDSVEERLAA*
[17:33:08] 27 tRNA-Trp c[750131,750205] 35 (cca)
[17:33:08] 28 tRNA-Thr c[751474,751545] 33 (ggt)
[17:33:08] 29 tRNA-Met [753680,753752] 34 (cat)
[17:33:08] 30 tRNA-Ser [841402,841490] 36 (cga)
[17:33:08] 31 tRNA-Leu c[895468,895552] 36 (tag)
[17:33:08] 32 tRNA-Ser c[929296,929380] 35 (tga)
[17:33:08] 33 tRNA-Val [933953,934026] 35 (gac)
[17:33:08] 34 tRNA-Gln c[985738,985811] 34 (ttg)
[17:33:08] 35 tRNA-Cys [1040839,1040909] 33 (gca)
[17:33:08] 36 tRNA-His [1071420,1071494] 35 (gtg)
[17:33:08] 37 tRNA-Gly [1109835,1109906] 33 (gcc)
[17:33:08] 38 tRNA-Arg c[1193970,1194043] 35 (acg)
[17:33:08] 39 tRNA-Pro c[1227444,1227517] 35 (ggg)
[17:33:08] Found 39 tRNAs
[17:33:08] Predicting Ribosomal RNAs
[17:33:08] Running Barrnap with 8 threads
[17:33:09] 1 NC_002179.2 1065938 5S ribosomal RNA
[17:33:09] 2 NC_002179.2 1066167 23S ribosomal RNA
[17:33:09] 3 NC_002179.2 1069330 16S ribosomal RNA
[17:33:09] Found 3 rRNAs
[17:33:09] Skipping ncRNA search, enable with --rfam if desired.
[17:33:09] Total of 41 tRNA + rRNA features
[17:33:09] Searching for CRISPR repeats
[17:33:09] Found 0 CRISPRs
[17:33:09] Predicting coding sequences
[17:33:09] Contigs total 1229853 bp, so using single mode
[17:33:09] Running: prodigal -i tmp\/\/GCF_000091085\.2_ASM9108v2_genomic\.fna -c -m -g 11 -p single -f sco -q
[17:33:11] Excluding CDS which overlaps existing RNA (tRNA) at NC_002179.2:3235..5403 on + strand
[17:33:11] Excluding CDS which overlaps existing RNA (tRNA) at NC_002179.2:547932..548039 on - strand
[17:33:11] Excluding CDS which overlaps existing RNA (tRNA) at NC_002179.2:934017..934691 on - strand
[17:33:11] Excluding CDS which overlaps existing RNA (rRNA) at NC_002179.2:1066576..1067205 on + strand
[17:33:11] Excluding CDS which overlaps existing RNA (tRNA) at NC_002179.2:1071290..1071442 on + strand
[17:33:11] Found 1052 CDS
[17:33:11] Connecting features back to sequences
[17:33:11] Not using genus-specific database. Try --usegenus to enable it.
[17:33:11] Annotating CDS, please be patient.
[17:33:11] Will use 8 CPUs for similarity searching.
[17:33:12] There are still 1052 unannotated CDS left (started with 1052)
[17:33:12] Will use blast to search against /ibex/sw/csi/prokka/1.14.5/conda2/miniconda2/db/kingdom/Bacteria/IS with 8 CPUs
[17:33:12] Running: cat tmp\/\/GCF_000091085\.2_ASM9108v2_genomic\.IS\.tmp\.669571\.faa | parallel --gnu --plain -j 8 --block 23186 --recstart '>' --pipe blastp -query - -db /ibex/sw/csi/prokka/1.14.5/conda2/miniconda2/db/kingdom/Bacteria/IS -evalue 1e-30 -qcov_hsp_perc 90 -num_threads 1 -num_descriptions 1 -num_alignments 1 -seg no > tmp\/\/GCF_000091085\.2_ASM9108v2_genomic\.IS\.tmp\.669571\.blast 2> /dev/null
[17:33:15] Deleting unwanted file: tmp//GCF_000091085.2_ASM9108v2_genomic.IS.tmp.669571.faa
[17:33:15] Deleting unwanted file: tmp//GCF_000091085.2_ASM9108v2_genomic.IS.tmp.669571.blast
[17:33:15] There are still 1052 unannotated CDS left (started with 1052)
[17:33:15] Will use blast to search against /ibex/sw/csi/prokka/1.14.5/conda2/miniconda2/db/kingdom/Bacteria/AMR with 8 CPUs
[17:33:15] Running: cat tmp\/\/GCF_000091085\.2_ASM9108v2_genomic\.AMR\.tmp\.669571\.faa | parallel --gnu --plain -j 8 --block 23186 --recstart '>' --pipe blastp -query - -db /ibex/sw/csi/prokka/1.14.5/conda2/miniconda2/db/kingdom/Bacteria/AMR -evalue 9.99999999999999e-301 -qcov_hsp_perc 90 -num_threads 1 -num_descriptions 1 -num_alignments 1 -seg no > tmp\/\/GCF_000091085\.2_ASM9108v2_genomic\.AMR\.tmp\.669571\.blast 2> /dev/null
[17:33:18] Deleting unwanted file: tmp//GCF_000091085.2_ASM9108v2_genomic.AMR.tmp.669571.faa
[17:33:18] Deleting unwanted file: tmp//GCF_000091085.2_ASM9108v2_genomic.AMR.tmp.669571.blast
[17:33:18] There are still 1052 unannotated CDS left (started with 1052)
[17:33:18] Will use blast to search against /ibex/sw/csi/prokka/1.14.5/conda2/miniconda2/db/kingdom/Bacteria/sprot with 8 CPUs
[17:33:18] Running: cat tmp\/\/GCF_000091085\.2_ASM9108v2_genomic\.sprot\.tmp\.669571\.faa | parallel --gnu --plain -j 8 --block 23186 --recstart '>' --pipe blastp -query - -db /ibex/sw/csi/prokka/1.14.5/conda2/miniconda2/db/kingdom/Bacteria/sprot -evalue 1e-09 -qcov_hsp_perc 80 -num_threads 1 -num_descriptions 1 -num_alignments 1 -seg no > tmp\/\/GCF_000091085\.2_ASM9108v2_genomic\.sprot\.tmp\.669571\.blast 2> /dev/null
[17:33:31] Modify product: Probable FKBP-type peptidyl-prolyl cis-trans isomerase FkpA => putative FKBP-type peptidyl-prolyl cis-trans isomerase FkpA
[17:33:31] Modify product: UPF0053 protein HI_0107 => hypothetical protein
[17:33:31] Modify product: UPF0053 protein HI_0107 => hypothetical protein
[17:33:31] Modify product: Glycogen operon protein GlgX homolog => Glycogen operon protein GlgX 
[17:33:31] Modify product: Probable cytosol aminopeptidase => putative cytosol aminopeptidase
[17:33:31] Modify product: UPF0235 protein YggU => hypothetical protein
[17:33:31] Modify product: Probable ABC transporter arginine-binding protein ArtJ => putative ABC transporter arginine-binding protein ArtJ
[17:33:31] Modify product: Probable outer membrane protein pmp18 => putative outer membrane protein pmp18
[17:33:31] Modify product: Probable outer membrane protein pmp15 => putative outer membrane protein pmp15
[17:33:31] Modify product: Probable outer membrane protein pmp15 => putative outer membrane protein pmp15
[17:33:31] Modify product: Bifunctional protein FolD => Bifunctional protein FolD protein
[17:33:31] Modify product: UPF0176 protein SP_0095 => hypothetical protein
[17:33:31] Modify product: Uncharacterized protein CT_666 => putative protein CT_666
[17:33:31] Modify product: Probable ATP synthase YscN => putative ATP synthase YscN
[17:33:31] Modify product: Uncharacterized protein CT_671 => putative protein CT_671
[17:33:31] Modify product: Probable ATP-dependent transporter SufC => putative ATP-dependent transporter SufC
[17:33:31] Modify product: Probable chromosome-partitioning protein ParB => putative chromosome-partitioning protein ParB
[17:33:31] Modify product: UPF0111 protein HI_1603 => hypothetical protein
[17:33:31] Modify product: Probable transcriptional regulatory protein YebC => putative transcriptional regulatory protein YebC
[17:33:31] Modify product: Probable outer membrane protein pmp20 => putative outer membrane protein pmp20
[17:33:31] Modify product: Probable outer membrane protein pmp19 => putative outer membrane protein pmp19
[17:33:31] Modify product: Probable UbiX-like flavin prenyltransferase => putative UbiX-like flavin prenyltransferase
[17:33:31] Modify product: Probable outer membrane protein pmp16 => putative outer membrane protein pmp16
[17:33:31] Modify product: Probable outer membrane protein pmp15 => putative outer membrane protein pmp15
[17:33:31] Modify product: Probable outer membrane protein pmp14 => putative outer membrane protein pmp14
[17:33:31] Modify product: Probable outer membrane protein pmp13 => putative outer membrane protein pmp13
[17:33:31] Modify product: Probable outer membrane protein pmp12 => putative outer membrane protein pmp12
[17:33:31] Modify product: Probable outer membrane protein pmp11 => putative outer membrane protein pmp11
[17:33:31] Modify product: Probable outer membrane protein pmp10 => putative outer membrane protein pmp10
[17:33:31] Modify product: Probable outer membrane protein pmp9 => putative outer membrane protein pmp9
[17:33:31] Modify product: Probable outer membrane protein pmp8 => putative outer membrane protein pmp8
[17:33:31] Modify product: Probable outer membrane protein pmp7 => putative outer membrane protein pmp7
[17:33:31] Modify product: Probable outer membrane protein pmp6 => putative outer membrane protein pmp6
[17:33:31] Modify product: UPF0301 protein SO_3346 => hypothetical protein
[17:33:31] Modify product: GTP cyclohydrolase 1 type 2 homolog => GTP cyclohydrolase 1 type 2 
[17:33:31] Modify product: UPF0056 inner membrane protein YhgN => hypothetical protein
[17:33:31] Modify product: Probable outer membrane protein pmp21 => putative outer membrane protein pmp21
[17:33:31] Modify product: UPF0098 protein CT_736 => hypothetical protein
[17:33:31] Modify product: Probable cadmium-transporting ATPase => putative cadmium-transporting ATPase
[17:33:31] Modify product: Probable secretion system apparatus ATP synthase SsaN => putative secretion system apparatus ATP synthase SsaN
[17:33:31] Modify product: Probable uridylyltransferase SA1974 => putative uridylyltransferase
[17:33:31] Modify product: Probable peptidoglycan glycosyltransferase FtsW => putative peptidoglycan glycosyltransferase FtsW
[17:33:31] Modify product: Uncharacterized ABC transporter ATP-binding protein YbiT => putative ABC transporter ATP-binding protein YbiT
[17:33:31] Modify product: Probable outer membrane protein pmp10 => putative outer membrane protein pmp10
[17:33:31] Modify product: Probable outer membrane protein pmp8 => putative outer membrane protein pmp8
[17:33:31] Modify product: Probable outer membrane protein pmp10 => putative outer membrane protein pmp10
[17:33:31] Modify product: Probable outer membrane protein pmp8 => putative outer membrane protein pmp8
[17:33:31] Modify product: Probable outer membrane protein pmp10 => putative outer membrane protein pmp10
[17:33:31] Modify product: Probable outer membrane protein pmp11 => putative outer membrane protein pmp11
[17:33:31] Modify product: Probable outer membrane protein pmp2 => putative outer membrane protein pmp2
[17:33:31] Modify product: Probable outer membrane protein pmp1 => putative outer membrane protein pmp1
[17:33:31] Modify product: Protein CPn_0803/CP_1068/CPj0803/CpB0832 => Protein/CP_1068/CPj0803/CpB0832
[17:33:31] Modify product: Probable oxidoreductase CT_610 => putative oxidoreductase CT_610
[17:33:31] Cleaned 53 /product names
[17:33:31] Deleting unwanted file: tmp//GCF_000091085.2_ASM9108v2_genomic.sprot.tmp.669571.faa
[17:33:31] Deleting unwanted file: tmp//GCF_000091085.2_ASM9108v2_genomic.sprot.tmp.669571.blast
[17:33:31] There are still 584 unannotated CDS left (started with 1052)
[17:33:31] Will use hmmer3 to search against /ibex/sw/csi/prokka/1.14.5/conda2/miniconda2/db/hmm/HAMAP.hmm with 8 CPUs
[17:33:31] Running: cat tmp\/\/GCF_000091085\.2_ASM9108v2_genomic\.HAMAP\.hmm\.tmp\.669571\.faa | parallel --gnu --plain -j 8 --block 11800 --recstart '>' --pipe hmmscan --noali --notextw --acc -E 1e-09 --cpu 1 /ibex/sw/csi/prokka/1.14.5/conda2/miniconda2/db/hmm/HAMAP.hmm /dev/stdin > tmp\/\/GCF_000091085\.2_ASM9108v2_genomic\.HAMAP\.hmm\.tmp\.669571\.hmmer3 2> /dev/null
[17:33:36] Deleting unwanted file: tmp//GCF_000091085.2_ASM9108v2_genomic.HAMAP.hmm.tmp.669571.faa
[17:33:36] Deleting unwanted file: tmp//GCF_000091085.2_ASM9108v2_genomic.HAMAP.hmm.tmp.669571.hmmer3
[17:33:36] Labelling remaining 483 proteins as 'hypothetical protein'
[17:33:36] Possible /pseudo 'putative outer membrane protein pmp15' at NC_002179.2 position 300124
[17:33:36] Possible /pseudo 'DNA replication and repair protein RecF' at NC_002179.2 position 457246
[17:33:36] Possible /pseudo 'Oligopeptide-binding protein OppA' at NC_002179.2 position 603767
[17:33:36] Possible /pseudo 'Oligopeptide-binding protein OppA' at NC_002179.2 position 605501
[17:33:36] Possible /pseudo 'Inosine-5'-monophosphate dehydrogenase' at NC_002179.2 position 628112
[17:33:36] Found 493 unique /gene codes.
[17:33:36] Fixed 2 duplicate /gene - pdhC_1 pdhC_2
[17:33:36] Fixed 2 duplicate /gene - tlcA_1 tlcA_2
[17:33:36] Fixed 2 duplicate /gene - iscS_1 iscS_2
[17:33:36] Fixed 2 duplicate /gene - alsT_1 alsT_2
[17:33:36] Fixed 3 duplicate /gene - oppA_1 oppA_2 oppA_3
[17:33:36] Fixed 2 duplicate /gene - sctC_1 sctC_2
[17:33:36] Fixed 3 duplicate /gene - pmp8_1 pmp8_2 pmp8_3
[17:33:36] Fixed 2 duplicate /gene - tyrP_1 tyrP_2
[17:33:36] Fixed 2 duplicate /gene - pknD_1 pknD_2
[17:33:36] Fixed 2 duplicate /gene - ispE_1 ispE_2
[17:33:36] Fixed 3 duplicate /gene - groL_1 groL_2 groL_3
[17:33:36] Fixed 2 duplicate /gene - pfp_1 pfp_2
[17:33:36] Fixed 2 duplicate /gene - rbn_1 rbn_2
[17:33:36] Fixed 2 duplicate /gene - oppD_1 oppD_2
[17:33:36] Fixed 2 duplicate /gene - ruvB_1 ruvB_2
[17:33:36] Fixed 2 duplicate /gene - efp_1 efp_2
[17:33:36] Fixed 2 duplicate /gene - dnaA_1 dnaA_2
[17:33:36] Fixed 2 duplicate /gene - aas_1 aas_2
[17:33:36] Fixed 2 duplicate /gene - pgsA_1 pgsA_2
[17:33:36] Fixed 2 duplicate /gene - gyrA_1 gyrA_2
[17:33:36] Fixed 2 duplicate /gene - guaB_1 guaB_2
[17:33:36] Fixed 2 duplicate /gene - gyrB_1 gyrB_2
[17:33:36] Fixed 2 duplicate /gene - recF_1 recF_2
[17:33:36] Fixed 2 duplicate /gene - dxs_1 dxs_2
[17:33:36] Fixed 2 duplicate /gene - dinG_1 dinG_2
[17:33:36] Fixed 2 duplicate /gene - bioF_1 bioF_2
[17:33:36] Fixed 26 colliding /gene names.
[17:33:36] Adding /locus_tag identifiers
[17:33:36] Assigned 1094 locus_tags to CDS and RNA features.
[17:33:36] Writing outputs to tmp//
[17:33:36] Generating annotation statistics file
[17:33:36] Generating Genbank and Sequin files
[17:33:36] Running: tbl2asn -V b -a r10k -l paired-ends -M n -N 1 -y 'Annotated using prokka 1.14.6 from https://github.com/tseemann/prokka' -Z tmp\/\/GCF_000091085\.2_ASM9108v2_genomic\.err -i tmp\/\/GCF_000091085\.2_ASM9108v2_genomic\.fsa 2> /dev/null
[17:33:38] Deleting unwanted file: tmp//errorsummary.val
[17:33:38] Deleting unwanted file: tmp//GCF_000091085.2_ASM9108v2_genomic.dr
[17:33:38] Deleting unwanted file: tmp//GCF_000091085.2_ASM9108v2_genomic.fixedproducts
[17:33:38] Deleting unwanted file: tmp//GCF_000091085.2_ASM9108v2_genomic.ecn
[17:33:38] Deleting unwanted file: tmp//GCF_000091085.2_ASM9108v2_genomic.val
[17:33:38] Repairing broken .GBK output that tbl2asn produces...
[17:33:38] Running: sed 's/COORDINATES: profile/COORDINATES:profile/' < tmp\/\/GCF_000091085\.2_ASM9108v2_genomic\.gbf > tmp\/\/GCF_000091085\.2_ASM9108v2_genomic\.gbk
[17:33:38] Deleting unwanted file: tmp//GCF_000091085.2_ASM9108v2_genomic.gbf
[17:33:38] Output files:
[17:33:38] tmp/GCF_000091085.2_ASM9108v2_genomic.log
[17:33:38] tmp/GCF_000091085.2_ASM9108v2_genomic.fna
[17:33:38] tmp/GCF_000091085.2_ASM9108v2_genomic.gff
[17:33:38] tmp/GCF_000091085.2_ASM9108v2_genomic.faa
[17:33:38] tmp/GCF_000091085.2_ASM9108v2_genomic.ffn
[17:33:38] tmp/GCF_000091085.2_ASM9108v2_genomic.tbl
[17:33:38] tmp/GCF_000091085.2_ASM9108v2_genomic.fsa
[17:33:38] tmp/GCF_000091085.2_ASM9108v2_genomic.tsv
[17:33:38] tmp/GCF_000091085.2_ASM9108v2_genomic.txt
[17:33:38] tmp/GCF_000091085.2_ASM9108v2_genomic.sqn
[17:33:38] tmp/GCF_000091085.2_ASM9108v2_genomic.gbk
[17:33:38] tmp/GCF_000091085.2_ASM9108v2_genomic.err
[17:33:38] Annotation finished successfully.
[17:33:38] Walltime used: 0.52 minutes
[17:33:38] If you use this result please cite the Prokka paper:
[17:33:38] Seemann T (2014) Prokka: rapid prokaryotic genome annotation. Bioinformatics. 30(14):2068-9.
[17:33:38] Type 'prokka --citation' for more details.
[17:33:38] Share and enjoy!
