[17:27:37] This is prokka 1.14.6
[17:27:37] Written by Torsten Seemann <torsten.seemann@gmail.com>
[17:27:37] Homepage is https://github.com/tseemann/prokka
[17:27:37] Local time is Tue Oct  1 17:27:37 2024
[17:27:37] You are almualzm
[17:27:37] Operating system is linux
[17:27:37] You have BioPerl 1.007002
[17:27:37] System has 40 cores.
[17:27:37] Will use maximum of 8 cores.
[17:27:37] Annotating as >>> Bacteria <<<
[17:27:37] Generating locus_tag from '../ncbi_dataset/data/GCF_000008605.1/GCF_000008605.1_ASM860v1_genomic.fna' contents.
[17:27:37] Setting --locustag EMGKIKMD from MD5 e604246d0c4566d4b4024f1c7934a1ff
[17:27:38] Re-using existing --outdir tmp/
[17:27:38] Using filename prefix: GCF_000008605.1_ASM860v1_genomic.XXX
[17:27:38] Setting HMMER_NCPU=1
[17:27:38] Writing log to: tmp//GCF_000008605.1_ASM860v1_genomic.log
[17:27:38] Command: /ibex/sw/csi/prokka/1.14.5/conda2/miniconda2/bin/prokka --outdir tmp/ --force --prefix GCF_000008605.1_ASM860v1_genomic ../ncbi_dataset/data/GCF_000008605.1/GCF_000008605.1_ASM860v1_genomic.fna
[17:27:38] Appending to PATH: /ibex/sw/csi/prokka/1.14.5/conda2/miniconda2/bin
[17:27:38] Looking for 'aragorn' - found /ibex/sw/csi/prokka/1.14.5/conda2/miniconda2/bin/aragorn
[17:27:38] Determined aragorn version is 001002 from 'ARAGORN v1.2.38 Dean Laslett'
[17:27:38] Looking for 'barrnap' - found /ibex/sw/csi/prokka/1.14.5/conda2/miniconda2/bin/barrnap
[17:27:38] Determined barrnap version is 000009 from 'barrnap 0.9'
[17:27:38] Looking for 'blastp' - found /ibex/sw/csi/prokka/1.14.5/conda2/miniconda2/bin/blastp
[17:27:38] Determined blastp version is 002010 from 'blastp: 2.10.1+'
[17:27:38] Looking for 'cmpress' - found /ibex/sw/csi/prokka/1.14.5/conda2/miniconda2/bin/cmpress
[17:27:38] Determined cmpress version is 001001 from '# INFERNAL 1.1.3 (Nov 2019)'
[17:27:38] Looking for 'cmscan' - found /ibex/sw/csi/prokka/1.14.5/conda2/miniconda2/bin/cmscan
[17:27:38] Determined cmscan version is 001001 from '# INFERNAL 1.1.3 (Nov 2019)'
[17:27:38] Looking for 'egrep' - found /usr/bin/egrep
[17:27:38] Looking for 'find' - found /usr/bin/find
[17:27:38] Looking for 'grep' - found /usr/bin/grep
[17:27:38] Looking for 'hmmpress' - found /ibex/sw/csi/prokka/1.14.5/conda2/miniconda2/bin/hmmpress
[17:27:38] Determined hmmpress version is 003003 from '# HMMER 3.3.2 (Nov 2020); http://hmmer.org/'
[17:27:38] Looking for 'hmmscan' - found /ibex/sw/csi/prokka/1.14.5/conda2/miniconda2/bin/hmmscan
[17:27:38] Determined hmmscan version is 003003 from '# HMMER 3.3.2 (Nov 2020); http://hmmer.org/'
[17:27:38] Looking for 'java' - found /ibex/sw/csi/prokka/1.14.5/conda2/miniconda2/bin/java
[17:27:38] Looking for 'makeblastdb' - found /ibex/sw/csi/prokka/1.14.5/conda2/miniconda2/bin/makeblastdb
[17:27:38] Determined makeblastdb version is 002010 from 'makeblastdb: 2.10.1+'
[17:27:38] Looking for 'minced' - found /ibex/sw/csi/prokka/1.14.5/conda2/miniconda2/bin/minced
[17:27:38] Determined minced version is 004002 from 'minced 0.4.2'
[17:27:38] Looking for 'parallel' - found /ibex/sw/csi/prokka/1.14.5/conda2/miniconda2/bin/parallel
[17:27:38] Determined parallel version is 20201122 from 'GNU parallel 20201122'
[17:27:38] Looking for 'prodigal' - found /ibex/sw/csi/prokka/1.14.5/conda2/miniconda2/bin/prodigal
[17:27:38] Determined prodigal version is 002006 from 'Prodigal V2.6.3: February, 2016'
[17:27:38] Looking for 'prokka-genbank_to_fasta_db' - found /ibex/sw/csi/prokka/1.14.5/conda2/miniconda2/bin/prokka-genbank_to_fasta_db
[17:27:38] Looking for 'sed' - found /usr/bin/sed
[17:27:38] Looking for 'tbl2asn' - found /ibex/sw/csi/prokka/1.14.5/conda2/miniconda2/bin/tbl2asn
[17:27:38] Determined tbl2asn version is 025007 from 'tbl2asn 25.7   arguments:'
[17:27:38] Using genetic code table 11.
[17:27:38] Loading and checking input file: ../ncbi_dataset/data/GCF_000008605.1/GCF_000008605.1_ASM860v1_genomic.fna
[17:27:38] Wrote 1 contigs totalling 1138011 bp.
[17:27:38] Predicting tRNAs and tmRNAs
[17:27:38] Running: aragorn -l -gc11  -w tmp\/\/GCF_000008605\.1_ASM860v1_genomic\.fna
[17:27:38] 1 tRNA-Ser c[24338,24425] 35 (gga)
[17:27:38] 2 tRNA-Ser c[24482,24570] 35 (cga)
[17:27:38] 3 tRNA-Arg c[24627,24702] 36 (gcg)
[17:27:38] 4 tRNA-Ser c[24732,24820] 36 (gct)
[17:27:38] 5 tRNA-Ser c[24859,24944] 35 (tga)
[17:27:38] 6 tRNA-Gln [124900,124970] 33 (ctg)
[17:27:38] 7 tRNA-Glu [124979,125052] 35 (ttc)
[17:27:38] 8 tRNA-Glu [125087,125160] 35 (ctc)
[17:27:38] 9 tRNA-Val [156596,156668] 34 (tac)
[17:27:38] 10 tRNA-Leu c[167948,168031] 36 (gag)
[17:27:38] 11 tRNA-Met [189892,189964] 34 (cat)
[17:27:38] 12 tRNA-Ile [231761,231835] 35 (gat)
[17:27:38] 13 tRNA-Thr [241889,241961] 34 (ggt)
[17:27:38] 14 tRNA-Trp [242214,242288] 35 (cca)
[17:27:38] 15 tmRNA [276533,276884] 85,123 ANSDSFDYALAA*
[17:27:38] 16 tRNA-Ala [280194,280267] 35 (tgc)
[17:27:38] 17 tRNA-Leu c[351812,351894] 35 (caa)
[17:27:38] 18 tRNA-Gly c[353846,353919] 35 (tcc)
[17:27:38] 19 tRNA-Gln [395662,395736] 34 (ttg)
[17:27:38] 20 tRNA-Thr [523524,523598] 36 (tgt)
[17:27:38] 21 tRNA-Tyr [523608,523690] 35 (gta)
[17:27:38] 22 tRNA-Lys [540756,540828] 34 (ctt)
[17:27:38] 23 tRNA-Leu [540887,540969] 36 (tag)
[17:27:38] 24 tRNA-Gly [540979,541050] 33 (gcc)
[17:27:38] 25 tRNA-Asn [581428,581502] 35 (gtt)
[17:27:38] 26 tRNA-Cys c[598767,598838] 33 (gca)
[17:27:38] 27 tRNA-Arg [642154,642226] 34 (cct)
[17:27:38] 28 tRNA-Pro c[642237,642311] 33 (cgg)
[17:27:38] 29 tRNA-Asp c[642361,642437] 36 (gtc)
[17:27:38] 30 tRNA-Met c[642505,642579] 35 (cat)
[17:27:38] 31 tRNA-Arg [658290,658363] 35 (ccg)
[17:27:38] 32 tRNA-Arg c[697383,697457] 35 (tcg)
[17:27:38] 33 tRNA-His c[697471,697543] 33 (gtg)
[17:27:38] 34 tRNA-Phe [697680,697752] 34 (gaa)
[17:27:38] 35 tRNA-Pro [729844,729916] 34 (tgg)
[17:27:38] 36 tRNA-Arg [734239,734312] 35 (tct)
[17:27:38] 37 tRNA-Val [742467,742538] 33 (cac)
[17:27:38] 38 tRNA-Met c[760021,760094] 35 (cat)
[17:27:38] 39 tRNA-Pro [767249,767322] 35 (ggg)
[17:27:38] 40 tRNA-Lys c[841805,841879] 35 (ttt)
[17:27:38] 41 tRNA-Leu [842022,842106] 35 (cag)
[17:27:38] 42 tRNA-Ala [1002824,1002897] 34 (cgc)
[17:27:38] 43 tRNA-Thr c[1005434,1005506] 34 (cgt)
[17:27:38] 44 tRNA-Val [1017521,1017594] 35 (gac)
[17:27:38] 45 tRNA-Leu c[1078378,1078463] 35 (taa)
[17:27:38] 46 tRNA-Ala c[1082508,1082584] 36 (ggc)
[17:27:38] Found 46 tRNAs
[17:27:38] Predicting Ribosomal RNAs
[17:27:38] Running Barrnap with 8 threads
[17:27:39] 1 NC_000919.1 230104 16S ribosomal RNA
[17:27:39] 2 NC_000919.1 231946 23S ribosomal RNA
[17:27:39] 3 NC_000919.1 234949 5S ribosomal RNA
[17:27:39] 4 NC_000919.1 278537 16S ribosomal RNA
[17:27:39] 5 NC_000919.1 280390 23S ribosomal RNA
[17:27:39] 6 NC_000919.1 283393 5S ribosomal RNA
[17:27:39] Found 6 rRNAs
[17:27:39] Skipping ncRNA search, enable with --rfam if desired.
[17:27:39] Total of 51 tRNA + rRNA features
[17:27:39] Searching for CRISPR repeats
[17:27:39] Found 0 CRISPRs
[17:27:39] Predicting coding sequences
[17:27:39] Contigs total 1138011 bp, so using single mode
[17:27:39] Running: prodigal -i tmp\/\/GCF_000008605\.1_ASM860v1_genomic\.fna -c -m -g 11 -p single -f sco -q
[17:27:42] Excluding CDS which overlaps existing RNA (tRNA) at NC_000919.1:350288..352012 on + strand
[17:27:42] Excluding CDS which overlaps existing RNA (tRNA) at NC_000919.1:395629..396366 on + strand
[17:27:42] Excluding CDS which overlaps existing RNA (tRNA) at NC_000919.1:540681..541118 on + strand
[17:27:42] Excluding CDS which overlaps existing RNA (tRNA) at NC_000919.1:642453..642608 on - strand
[17:27:42] Excluding CDS which overlaps existing RNA (tRNA) at NC_000919.1:697323..697529 on - strand
[17:27:42] Excluding CDS which overlaps existing RNA (tRNA) at NC_000919.1:734274..735461 on - strand
[17:27:42] Excluding CDS which overlaps existing RNA (tRNA) at NC_000919.1:840597..841829 on - strand
[17:27:43] Excluding CDS which overlaps existing RNA (tRNA) at NC_000919.1:1080870..1082546 on - strand
[17:27:43] Found 1001 CDS
[17:27:43] Connecting features back to sequences
[17:27:43] Not using genus-specific database. Try --usegenus to enable it.
[17:27:43] Annotating CDS, please be patient.
[17:27:43] Will use 8 CPUs for similarity searching.
[17:27:43] There are still 1001 unannotated CDS left (started with 1001)
[17:27:43] Will use blast to search against /ibex/sw/csi/prokka/1.14.5/conda2/miniconda2/db/kingdom/Bacteria/IS with 8 CPUs
[17:27:43] Running: cat tmp\/\/GCF_000008605\.1_ASM860v1_genomic\.IS\.tmp\.658378\.faa | parallel --gnu --plain -j 8 --block 22076 --recstart '>' --pipe blastp -query - -db /ibex/sw/csi/prokka/1.14.5/conda2/miniconda2/db/kingdom/Bacteria/IS -evalue 1e-30 -qcov_hsp_perc 90 -num_threads 1 -num_descriptions 1 -num_alignments 1 -seg no > tmp\/\/GCF_000008605\.1_ASM860v1_genomic\.IS\.tmp\.658378\.blast 2> /dev/null
[17:27:46] Deleting unwanted file: tmp//GCF_000008605.1_ASM860v1_genomic.IS.tmp.658378.faa
[17:27:46] Deleting unwanted file: tmp//GCF_000008605.1_ASM860v1_genomic.IS.tmp.658378.blast
[17:27:46] There are still 1001 unannotated CDS left (started with 1001)
[17:27:46] Will use blast to search against /ibex/sw/csi/prokka/1.14.5/conda2/miniconda2/db/kingdom/Bacteria/AMR with 8 CPUs
[17:27:46] Running: cat tmp\/\/GCF_000008605\.1_ASM860v1_genomic\.AMR\.tmp\.658378\.faa | parallel --gnu --plain -j 8 --block 22076 --recstart '>' --pipe blastp -query - -db /ibex/sw/csi/prokka/1.14.5/conda2/miniconda2/db/kingdom/Bacteria/AMR -evalue 9.99999999999999e-301 -qcov_hsp_perc 90 -num_threads 1 -num_descriptions 1 -num_alignments 1 -seg no > tmp\/\/GCF_000008605\.1_ASM860v1_genomic\.AMR\.tmp\.658378\.blast 2> /dev/null
[17:27:49] Deleting unwanted file: tmp//GCF_000008605.1_ASM860v1_genomic.AMR.tmp.658378.faa
[17:27:49] Deleting unwanted file: tmp//GCF_000008605.1_ASM860v1_genomic.AMR.tmp.658378.blast
[17:27:49] There are still 1001 unannotated CDS left (started with 1001)
[17:27:49] Will use blast to search against /ibex/sw/csi/prokka/1.14.5/conda2/miniconda2/db/kingdom/Bacteria/sprot with 8 CPUs
[17:27:49] Running: cat tmp\/\/GCF_000008605\.1_ASM860v1_genomic\.sprot\.tmp\.658378\.faa | parallel --gnu --plain -j 8 --block 22076 --recstart '>' --pipe blastp -query - -db /ibex/sw/csi/prokka/1.14.5/conda2/miniconda2/db/kingdom/Bacteria/sprot -evalue 1e-09 -qcov_hsp_perc 80 -num_threads 1 -num_descriptions 1 -num_alignments 1 -seg no > tmp\/\/GCF_000008605\.1_ASM860v1_genomic\.sprot\.tmp\.658378\.blast 2> /dev/null
[17:28:01] Modify product: Uncharacterized protein TP_0004 => putative protein
[17:28:01] Modify product: UPF0053 protein HI_0107 => hypothetical protein
[17:28:01] Modify product: UPF0053 protein HI_0107 => hypothetical protein
[17:28:01] Modify product: Probable dual-specificity RNA methyltransferase RlmN => putative dual-specificity RNA methyltransferase RlmN
[17:28:01] Modify product: Cyclic di-GMP binding protein TDE_0214 => Cyclic di-GMP binding protein
[17:28:01] Modify product: 1,4-alpha-glucan branching enzyme TTHA1902 => 1,4-alpha-glucan branching enzyme
[17:28:01] Modify product: Probable peptidoglycan glycosyltransferase FtsW => putative peptidoglycan glycosyltransferase FtsW
[17:28:01] Modify product: Probable ATP synthase YscN => putative ATP synthase YscN
[17:28:01] Modify product: Probable transcriptional regulatory protein aq_1575 => putative transcriptional regulatory protein
[17:28:01] Modify product: Probable riboflavin import ATP-binding protein RfuB => putative riboflavin import ATP-binding protein RfuB
[17:28:01] Modify product: Probable riboflavin import ATP-binding protein RfuB => putative riboflavin import ATP-binding protein RfuB
[17:28:01] Modify product: Probable riboflavin import permease protein RfuC => putative riboflavin import permease protein RfuC
[17:28:01] Modify product: Probable riboflavin import permease protein RfuD => putative riboflavin import permease protein RfuD
[17:28:01] Modify product: Probable riboflavin import permease protein RfuD => putative riboflavin import permease protein RfuD
[17:28:01] Modify product: Putative outer membrane protein assembly factor TP_0326 => Putative outer membrane protein assembly factor
[17:28:01] Modify product: Outer membrane protein TP0453 => Outer membrane protein
[17:28:01] Modify product: Uncharacterized protein TP_0183 => putative protein
[17:28:01] Modify product: Putative zinc metalloprotease aq_1964 => Putative zinc metalloprotease
[17:28:01] Modify product: Probable ABC transporter ATP-binding protein M6_Spy0273 => putative ABC transporter ATP-binding protein
[17:28:01] Modify product: UPF0051 protein SA0778 => hypothetical protein
[17:28:01] Modify product: Probable tRNA sulfurtransferase => putative tRNA sulfurtransferase
[17:28:01] Modify product: Putative DD-carboxypeptidase TP_0574 => Putative DD-carboxypeptidase
[17:28:01] Modify product: Bifunctional protein FolD => Bifunctional protein FolD protein
[17:28:01] Modify product: Dihydroorotate dehydrogenase B (NAD(+)), electron transfer subunit homolog => Dihydroorotate dehydrogenase B (NAD(+)), electron transfer subunit 
[17:28:01] Modify product: Uncharacterized protein TP_0751 => putative protein
[17:28:01] Modify product: UPF0102 protein RPA0323 => hypothetical protein
[17:28:01] Modify product: Probable NADH oxidase => putative NADH oxidase
[17:28:01] Modify product: Probable peptidyl-prolyl cis-trans isomerase => putative peptidyl-prolyl cis-trans isomerase
[17:28:01] Modify product: Uncharacterized protein TP_0956 => putative protein
[17:28:01] Modify product: Uncharacterized ABC transporter ATP-binding protein YknY => putative ABC transporter ATP-binding protein YknY
[17:28:01] Modify product: Uncharacterized ABC transporter ATP-binding protein YbiT => putative ABC transporter ATP-binding protein YbiT
[17:28:01] Modify product: GTP cyclohydrolase 1 type 2 homolog => GTP cyclohydrolase 1 type 2 
[17:28:01] Modify product: Uncharacterized metal-dependent hydrolase YcfH => putative metal-dependent hydrolase YcfH
[17:28:01] Modify product: Probable tRNA-dihydrouridine synthase => putative tRNA-dihydrouridine synthase
[17:28:01] Modify product: UPF0056 inner membrane protein YhgN => hypothetical protein
[17:28:01] Modify product: UPF0073 inner membrane protein YqfA => hypothetical protein
[17:28:01] Cleaned 36 /product names
[17:28:01] Deleting unwanted file: tmp//GCF_000008605.1_ASM860v1_genomic.sprot.tmp.658378.faa
[17:28:01] Deleting unwanted file: tmp//GCF_000008605.1_ASM860v1_genomic.sprot.tmp.658378.blast
[17:28:01] There are still 567 unannotated CDS left (started with 1001)
[17:28:01] Will use hmmer3 to search against /ibex/sw/csi/prokka/1.14.5/conda2/miniconda2/db/hmm/HAMAP.hmm with 8 CPUs
[17:28:01] Running: cat tmp\/\/GCF_000008605\.1_ASM860v1_genomic\.HAMAP\.hmm\.tmp\.658378\.faa | parallel --gnu --plain -j 8 --block 12047 --recstart '>' --pipe hmmscan --noali --notextw --acc -E 1e-09 --cpu 1 /ibex/sw/csi/prokka/1.14.5/conda2/miniconda2/db/hmm/HAMAP.hmm /dev/stdin > tmp\/\/GCF_000008605\.1_ASM860v1_genomic\.HAMAP\.hmm\.tmp\.658378\.hmmer3 2> /dev/null
[17:28:05] Deleting unwanted file: tmp//GCF_000008605.1_ASM860v1_genomic.HAMAP.hmm.tmp.658378.faa
[17:28:05] Deleting unwanted file: tmp//GCF_000008605.1_ASM860v1_genomic.HAMAP.hmm.tmp.658378.hmmer3
[17:28:05] Labelling remaining 460 proteins as 'hypothetical protein'
[17:28:05] Possible /pseudo 'Chaperone protein DnaJ' at NC_000919.1 position 221779
[17:28:05] Possible /pseudo 'putative riboflavin import ATP-binding protein RfuB' at NC_000919.1 position 312368
[17:28:05] Possible /pseudo 'L-cystine-binding protein FliY' at NC_000919.1 position 325542
[17:28:05] Possible /pseudo 'Flagellar basal-body rod protein FlgG' at NC_000919.1 position 1042372
[17:28:05] Possible /pseudo 'Macrolide export ATP-binding/permease protein MacB' at NC_000919.1 position 1044616
[17:28:05] Found 465 unique /gene codes.
[17:28:05] Fixed 2 duplicate /gene - ntpB_1 ntpB_2
[17:28:05] Fixed 2 duplicate /gene - lapB_1 lapB_2
[17:28:05] Fixed 2 duplicate /gene - mglB_1 mglB_2
[17:28:05] Fixed 2 duplicate /gene - nth_1 nth_2
[17:28:05] Fixed 2 duplicate /gene - pal_1 pal_2
[17:28:05] Fixed 2 duplicate /gene - fliG_1 fliG_2
[17:28:05] Fixed 2 duplicate /gene - deaD_1 deaD_2
[17:28:05] Fixed 2 duplicate /gene - flhB_1 flhB_2
[17:28:05] Fixed 2 duplicate /gene - rbn_1 rbn_2
[17:28:05] Fixed 2 duplicate /gene - ruvB_1 ruvB_2
[17:28:05] Fixed 2 duplicate /gene - cmk_1 cmk_2
[17:28:05] Fixed 2 duplicate /gene - alsT_1 alsT_2
[17:28:05] Fixed 2 duplicate /gene - ftsY_1 ftsY_2
[17:28:05] Fixed 2 duplicate /gene - ktrA_1 ktrA_2
[17:28:05] Fixed 2 duplicate /gene - ftsH_1 ftsH_2
[17:28:05] Fixed 2 duplicate /gene - pcrA_1 pcrA_2
[17:28:05] Fixed 2 duplicate /gene - macB_1 macB_2
[17:28:05] Fixed 2 duplicate /gene - clpP_1 clpP_2
[17:28:05] Fixed 2 duplicate /gene - rlmB_1 rlmB_2
[17:28:05] Fixed 2 duplicate /gene - atpE_1 atpE_2
[17:28:05] Fixed 2 duplicate /gene - ylxH_1 ylxH_2
[17:28:05] Fixed 4 duplicate /gene - dnaJ_1 dnaJ_2 dnaJ_3 dnaJ_4
[17:28:05] Fixed 2 duplicate /gene - fliY_1 fliY_2
[17:28:05] Fixed 2 duplicate /gene - flgG_1 flgG_2
[17:28:05] Fixed 2 duplicate /gene - gph_1 gph_2
[17:28:05] Fixed 3 duplicate /gene - smc_1 smc_2 smc_3
[17:28:05] Fixed 2 duplicate /gene - potA_1 potA_2
[17:28:05] Fixed 6 duplicate /gene - bepA_1 bepA_2 bepA_3 bepA_4 bepA_5 bepA_6
[17:28:05] Fixed 2 duplicate /gene - rfuB_1 rfuB_2
[17:28:05] Fixed 2 duplicate /gene - fusA_1 fusA_2
[17:28:05] Fixed 2 duplicate /gene - atpD_1 atpD_2
[17:28:05] Fixed 2 duplicate /gene - lnt_1 lnt_2
[17:28:05] Fixed 2 duplicate /gene - rfuD_1 rfuD_2
[17:28:05] Fixed 3 duplicate /gene - cpoB_1 cpoB_2 cpoB_3
[17:28:05] Fixed 2 duplicate /gene - arnB_1 arnB_2
[17:28:05] Fixed 2 duplicate /gene - pgk/tpi_1 pgk/tpi_2
[17:28:05] Fixed 36 colliding /gene names.
[17:28:05] Adding /locus_tag identifiers
[17:28:05] Assigned 1053 locus_tags to CDS and RNA features.
[17:28:05] Writing outputs to tmp//
[17:28:06] Generating annotation statistics file
[17:28:06] Generating Genbank and Sequin files
[17:28:06] Running: tbl2asn -V b -a r10k -l paired-ends -M n -N 1 -y 'Annotated using prokka 1.14.6 from https://github.com/tseemann/prokka' -Z tmp\/\/GCF_000008605\.1_ASM860v1_genomic\.err -i tmp\/\/GCF_000008605\.1_ASM860v1_genomic\.fsa 2> /dev/null
[17:28:07] Deleting unwanted file: tmp//errorsummary.val
[17:28:07] Deleting unwanted file: tmp//GCF_000008605.1_ASM860v1_genomic.dr
[17:28:07] Deleting unwanted file: tmp//GCF_000008605.1_ASM860v1_genomic.fixedproducts
[17:28:07] Deleting unwanted file: tmp//GCF_000008605.1_ASM860v1_genomic.ecn
[17:28:07] Deleting unwanted file: tmp//GCF_000008605.1_ASM860v1_genomic.val
[17:28:07] Repairing broken .GBK output that tbl2asn produces...
[17:28:07] Running: sed 's/COORDINATES: profile/COORDINATES:profile/' < tmp\/\/GCF_000008605\.1_ASM860v1_genomic\.gbf > tmp\/\/GCF_000008605\.1_ASM860v1_genomic\.gbk
[17:28:07] Deleting unwanted file: tmp//GCF_000008605.1_ASM860v1_genomic.gbf
[17:28:07] Output files:
[17:28:07] tmp/GCF_000008605.1_ASM860v1_genomic.log
[17:28:07] tmp/GCF_000008605.1_ASM860v1_genomic.fna
[17:28:07] tmp/GCF_000008605.1_ASM860v1_genomic.gff
[17:28:07] tmp/GCF_000008605.1_ASM860v1_genomic.faa
[17:28:07] tmp/GCF_000008605.1_ASM860v1_genomic.ffn
[17:28:07] tmp/GCF_000008605.1_ASM860v1_genomic.tbl
[17:28:07] tmp/GCF_000008605.1_ASM860v1_genomic.fsa
[17:28:07] tmp/GCF_000008605.1_ASM860v1_genomic.tsv
[17:28:07] tmp/GCF_000008605.1_ASM860v1_genomic.txt
[17:28:07] tmp/GCF_000008605.1_ASM860v1_genomic.gbk
[17:28:07] tmp/GCF_000008605.1_ASM860v1_genomic.sqn
[17:28:07] tmp/GCF_000008605.1_ASM860v1_genomic.err
[17:28:07] Annotation finished successfully.
[17:28:07] Walltime used: 0.50 minutes
[17:28:07] If you use this result please cite the Prokka paper:
[17:28:07] Seemann T (2014) Prokka: rapid prokaryotic genome annotation. Bioinformatics. 30(14):2068-9.
[17:28:07] Type 'prokka --citation' for more details.
[17:28:07] Thank you, come again.
