[17:16:14] This is prokka 1.14.6
[17:16:14] Written by Torsten Seemann <torsten.seemann@gmail.com>
[17:16:14] Homepage is https://github.com/tseemann/prokka
[17:16:14] Local time is Tue Oct  1 17:16:14 2024
[17:16:14] You are almualzm
[17:16:14] Operating system is linux
[17:16:14] You have BioPerl 1.007002
[17:16:14] System has 40 cores.
[17:16:14] Will use maximum of 8 cores.
[17:16:14] Annotating as >>> Bacteria <<<
[17:16:14] Generating locus_tag from '../ncbi_dataset/data/GCF_000008545.1/GCF_000008545.1_ASM854v1_genomic.fna' contents.
[17:16:14] Setting --locustag JAOMGKNI from MD5 3a86047201a3d73d7288a1f91a292565
[17:16:14] Re-using existing --outdir tmp/
[17:16:14] Using filename prefix: GCF_000008545.1_ASM854v1_genomic.XXX
[17:16:14] Setting HMMER_NCPU=1
[17:16:14] Writing log to: tmp//GCF_000008545.1_ASM854v1_genomic.log
[17:16:14] Command: /ibex/sw/csi/prokka/1.14.5/conda2/miniconda2/bin/prokka --outdir tmp/ --force --prefix GCF_000008545.1_ASM854v1_genomic ../ncbi_dataset/data/GCF_000008545.1/GCF_000008545.1_ASM854v1_genomic.fna
[17:16:14] Appending to PATH: /ibex/sw/csi/prokka/1.14.5/conda2/miniconda2/bin
[17:16:14] Looking for 'aragorn' - found /ibex/sw/csi/prokka/1.14.5/conda2/miniconda2/bin/aragorn
[17:16:14] Determined aragorn version is 001002 from 'ARAGORN v1.2.38 Dean Laslett'
[17:16:14] Looking for 'barrnap' - found /ibex/sw/csi/prokka/1.14.5/conda2/miniconda2/bin/barrnap
[17:16:14] Determined barrnap version is 000009 from 'barrnap 0.9'
[17:16:14] Looking for 'blastp' - found /ibex/sw/csi/prokka/1.14.5/conda2/miniconda2/bin/blastp
[17:16:14] Determined blastp version is 002010 from 'blastp: 2.10.1+'
[17:16:14] Looking for 'cmpress' - found /ibex/sw/csi/prokka/1.14.5/conda2/miniconda2/bin/cmpress
[17:16:14] Determined cmpress version is 001001 from '# INFERNAL 1.1.3 (Nov 2019)'
[17:16:14] Looking for 'cmscan' - found /ibex/sw/csi/prokka/1.14.5/conda2/miniconda2/bin/cmscan
[17:16:14] Determined cmscan version is 001001 from '# INFERNAL 1.1.3 (Nov 2019)'
[17:16:14] Looking for 'egrep' - found /usr/bin/egrep
[17:16:14] Looking for 'find' - found /usr/bin/find
[17:16:14] Looking for 'grep' - found /usr/bin/grep
[17:16:14] Looking for 'hmmpress' - found /ibex/sw/csi/prokka/1.14.5/conda2/miniconda2/bin/hmmpress
[17:16:14] Determined hmmpress version is 003003 from '# HMMER 3.3.2 (Nov 2020); http://hmmer.org/'
[17:16:14] Looking for 'hmmscan' - found /ibex/sw/csi/prokka/1.14.5/conda2/miniconda2/bin/hmmscan
[17:16:14] Determined hmmscan version is 003003 from '# HMMER 3.3.2 (Nov 2020); http://hmmer.org/'
[17:16:14] Looking for 'java' - found /ibex/sw/csi/prokka/1.14.5/conda2/miniconda2/bin/java
[17:16:14] Looking for 'makeblastdb' - found /ibex/sw/csi/prokka/1.14.5/conda2/miniconda2/bin/makeblastdb
[17:16:14] Determined makeblastdb version is 002010 from 'makeblastdb: 2.10.1+'
[17:16:14] Looking for 'minced' - found /ibex/sw/csi/prokka/1.14.5/conda2/miniconda2/bin/minced
[17:16:14] Determined minced version is 004002 from 'minced 0.4.2'
[17:16:14] Looking for 'parallel' - found /ibex/sw/csi/prokka/1.14.5/conda2/miniconda2/bin/parallel
[17:16:15] Determined parallel version is 20201122 from 'GNU parallel 20201122'
[17:16:15] Looking for 'prodigal' - found /ibex/sw/csi/prokka/1.14.5/conda2/miniconda2/bin/prodigal
[17:16:15] Determined prodigal version is 002006 from 'Prodigal V2.6.3: February, 2016'
[17:16:15] Looking for 'prokka-genbank_to_fasta_db' - found /ibex/sw/csi/prokka/1.14.5/conda2/miniconda2/bin/prokka-genbank_to_fasta_db
[17:16:15] Looking for 'sed' - found /usr/bin/sed
[17:16:15] Looking for 'tbl2asn' - found /ibex/sw/csi/prokka/1.14.5/conda2/miniconda2/bin/tbl2asn
[17:16:15] Determined tbl2asn version is 025007 from 'tbl2asn 25.7   arguments:'
[17:16:15] Using genetic code table 11.
[17:16:15] Loading and checking input file: ../ncbi_dataset/data/GCF_000008545.1/GCF_000008545.1_ASM854v1_genomic.fna
[17:16:15] Wrote 1 contigs totalling 1860725 bp.
[17:16:15] Predicting tRNAs and tmRNAs
[17:16:15] Running: aragorn -l -gc11  -w tmp\/\/GCF_000008545\.1_ASM854v1_genomic\.fna
[17:16:15] 1 tRNA-Pro [150535,150611] 35 (tgg)
[17:16:15] 2 tRNA-Ile [190568,190644] 35 (gat)
[17:16:15] 3 tRNA-Ala [190650,190725] 34 (tgc)
[17:16:15] 4 tRNA-Ala [202305,202380] 34 (cgc)
[17:16:15] 5 tRNA-Arg c[206149,206225] 35 (tcg)
[17:16:15] 6 tRNA-His c[206231,206306] 34 (gtg)
[17:16:15] 7 tRNA-Arg c[206318,206394] 35 (tct)
[17:16:15] 8 tRNA-Gly c[206406,206481] 34 (tcc)
[17:16:15] 9 tRNA-Ser [208033,208122] 35 (gct)
[17:16:15] 10 tRNA-Arg [208136,208212] 35 (gcg)
[17:16:15] 11 tRNA-Thr [348405,348481] 35 (ggt)
[17:16:15] 12 tRNA-Gln c[419265,419338] 33 (ctg)
[17:16:15] 13 tRNA-Met [473921,473996] 34 (cat)
[17:16:15] 14 tRNA-Met [474103,474175] 34 (cat)
[17:16:15] 15 tRNA-Thr [474199,474274] 34 (tgt)
[17:16:15] 16 tRNA-Tyr [474284,474370] 35 (gta)
[17:16:15] 17 tRNA-Trp [474550,474625] 34 (cca)
[17:16:15] 18 tRNA-Ser c[502658,502746] 35 (tga)
[17:16:15] 19 tRNA-Gly c[510805,510879] 33 (gcc)
[17:16:15] 20 tRNA-Leu c[510891,510977] 35 (tag)
[17:16:15] 21 tRNA-Lys c[510983,511058] 34 (ttt)
[17:16:15] 22 tmRNA [531684,532039] 92,124 ANEPVAVAA**
[17:16:15] 23 tRNA-Thr [611420,611495] 34 (cgt)
[17:16:15] 24 tRNA-Gln [774349,774422] 33 (ttg)
[17:16:15] 25 tRNA-Leu [842924,843010] 35 (cag)
[17:16:15] 26 tRNA-Ser [846293,846381] 35 (cga)
[17:16:15] 27 tRNA-Leu [877160,877246] 34 (caa)
[17:16:15] 28 tRNA-Asn [1204148,1204223] 34 (gtt)
[17:16:15] 29 tRNA-Pro [1268745,1268821] 35 (cgg)
[17:16:15] 30 tRNA-Met c[1362212,1362288] 35 (cat)
[17:16:15] 31 tRNA-Gly [1362394,1362469] 34 (ccc)
[17:16:15] 32 tRNA-Leu c[1385634,1385723] 35 (taa)
[17:16:15] 33 tRNA-Cys [1392381,1392457] 35 (gca)
[17:16:15] 34 tRNA-Val c[1403832,1403906] 33 (gac)
[17:16:15] 35 tRNA-Leu [1404045,1404131] 35 (gag)
[17:16:15] 36 tRNA-Val c[1430935,1431009] 33 (cac)
[17:16:15] 37 tRNA-Arg c[1536804,1536879] 34 (ccg)
[17:16:15] 38 tRNA-Val [1576913,1576987] 33 (tac)
[17:16:15] 39 tRNA-Phe [1577000,1577075] 34 (gaa)
[17:16:15] 40 tRNA-Ala [1580343,1580418] 34 (ggc)
[17:16:15] 41 tRNA-Arg [1580425,1580499] 34 (cct)
[17:16:15] 42 tRNA-Lys [1580521,1580596] 34 (ctt)
[17:16:15] 43 tRNA-Glu c[1656000,1656074] 34 (ctc)
[17:16:15] 44 tRNA-Pro [1656226,1656302] 35 (ggg)
[17:16:15] 45 tRNA-Asp [1736473,1736550] 36 (gtc)
[17:16:15] 46 tRNA-Ser c[1755585,1755675] 35 (gga)
[17:16:15] 47 tRNA-Glu [1764027,1764102] 35 (ttc)
[17:16:15] Found 47 tRNAs
[17:16:15] Predicting Ribosomal RNAs
[17:16:15] Running Barrnap with 8 threads
[17:16:16] 1 NC_000853.1 188970 16S ribosomal RNA
[17:16:16] 2 NC_000853.1 190768 23S ribosomal RNA
[17:16:16] 3 NC_000853.1 193834 5S ribosomal RNA
[17:16:16] Found 3 rRNAs
[17:16:16] Skipping ncRNA search, enable with --rfam if desired.
[17:16:16] Total of 49 tRNA + rRNA features
[17:16:16] Searching for CRISPR repeats
[17:16:17] CRISPR1 NC_000853.1 412 with 41 spacers
[17:16:17] CRISPR2 NC_000853.1 369170 with 9 spacers
[17:16:17] CRISPR3 NC_000853.1 396568 with 9 spacers
[17:16:17] CRISPR4 NC_000853.1 409295 with 25 spacers
[17:16:17] CRISPR5 NC_000853.1 1519912 with 9 spacers
[17:16:17] CRISPR6 NC_000853.1 1631789 with 4 spacers
[17:16:17] CRISPR7 NC_000853.1 1779875 with 13 spacers
[17:16:17] Found 7 CRISPRs
[17:16:17] Predicting coding sequences
[17:16:17] Contigs total 1860725 bp, so using single mode
[17:16:17] Running: prodigal -i tmp\/\/GCF_000008545\.1_ASM854v1_genomic\.fna -c -m -g 11 -p single -f sco -q
[17:16:20] Excluding CDS which overlaps existing RNA (tRNA) at NC_000853.1:208147..209013 on - strand
[17:16:20] Excluding CDS which overlaps existing RNA (tRNA) at NC_000853.1:348437..349441 on + strand
[17:16:20] Excluding CDS which overlaps existing RNA (tRNA) at NC_000853.1:502096..502713 on - strand
[17:16:21] Excluding CDS which overlaps existing RNA (repeat_region) at NC_000853.1:1520400..1521386 on + strand
[17:16:21] Excluding CDS which overlaps existing RNA (tRNA) at NC_000853.1:1536870..1537490 on - strand
[17:16:21] Found 1861 CDS
[17:16:21] Connecting features back to sequences
[17:16:21] Not using genus-specific database. Try --usegenus to enable it.
[17:16:21] Annotating CDS, please be patient.
[17:16:21] Will use 8 CPUs for similarity searching.
[17:16:22] There are still 1861 unannotated CDS left (started with 1861)
[17:16:22] Will use blast to search against /ibex/sw/csi/prokka/1.14.5/conda2/miniconda2/db/kingdom/Bacteria/IS with 8 CPUs
[17:16:22] Running: cat tmp\/\/GCF_000008545\.1_ASM854v1_genomic\.IS\.tmp\.635501\.faa | parallel --gnu --plain -j 8 --block 37537 --recstart '>' --pipe blastp -query - -db /ibex/sw/csi/prokka/1.14.5/conda2/miniconda2/db/kingdom/Bacteria/IS -evalue 1e-30 -qcov_hsp_perc 90 -num_threads 1 -num_descriptions 1 -num_alignments 1 -seg no > tmp\/\/GCF_000008545\.1_ASM854v1_genomic\.IS\.tmp\.635501\.blast 2> /dev/null
[17:16:27] Deleting unwanted file: tmp//GCF_000008545.1_ASM854v1_genomic.IS.tmp.635501.faa
[17:16:27] Deleting unwanted file: tmp//GCF_000008545.1_ASM854v1_genomic.IS.tmp.635501.blast
[17:16:28] There are still 1857 unannotated CDS left (started with 1861)
[17:16:28] Will use blast to search against /ibex/sw/csi/prokka/1.14.5/conda2/miniconda2/db/kingdom/Bacteria/AMR with 8 CPUs
[17:16:28] Running: cat tmp\/\/GCF_000008545\.1_ASM854v1_genomic\.AMR\.tmp\.635501\.faa | parallel --gnu --plain -j 8 --block 37459 --recstart '>' --pipe blastp -query - -db /ibex/sw/csi/prokka/1.14.5/conda2/miniconda2/db/kingdom/Bacteria/AMR -evalue 9.99999999999999e-301 -qcov_hsp_perc 90 -num_threads 1 -num_descriptions 1 -num_alignments 1 -seg no > tmp\/\/GCF_000008545\.1_ASM854v1_genomic\.AMR\.tmp\.635501\.blast 2> /dev/null
[17:16:32] Deleting unwanted file: tmp//GCF_000008545.1_ASM854v1_genomic.AMR.tmp.635501.faa
[17:16:32] Deleting unwanted file: tmp//GCF_000008545.1_ASM854v1_genomic.AMR.tmp.635501.blast
[17:16:32] There are still 1857 unannotated CDS left (started with 1861)
[17:16:32] Will use blast to search against /ibex/sw/csi/prokka/1.14.5/conda2/miniconda2/db/kingdom/Bacteria/sprot with 8 CPUs
[17:16:32] Running: cat tmp\/\/GCF_000008545\.1_ASM854v1_genomic\.sprot\.tmp\.635501\.faa | parallel --gnu --plain -j 8 --block 37459 --recstart '>' --pipe blastp -query - -db /ibex/sw/csi/prokka/1.14.5/conda2/miniconda2/db/kingdom/Bacteria/sprot -evalue 1e-09 -qcov_hsp_perc 80 -num_threads 1 -num_descriptions 1 -num_alignments 1 -seg no > tmp\/\/GCF_000008545\.1_ASM854v1_genomic\.sprot\.tmp\.635501\.blast 2> /dev/null
[17:16:53] Modify product: Probable amino-acid metabolite efflux pump => putative amino-acid metabolite efflux pump
[17:16:53] Modify product: Uncharacterized metal-dependent hydrolase YcfH => putative metal-dependent hydrolase YcfH
[17:16:53] Modify product: Probable multidrug ABC transporter ATP-binding protein YbhF => putative multidrug ABC transporter ATP-binding protein YbhF
[17:16:53] Modify product: Probable 2-phosphosulfolactate phosphatase => putative 2-phosphosulfolactate phosphatase
[17:16:53] Modify product: Probable undecaprenyl-phosphate N-acetylglucosaminyl 1-phosphate transferase => putative undecaprenyl-phosphate N-acetylglucosaminyl 1-phosphate transferase
[17:16:53] Modify product: Probable FMN/FAD exporter YeeO => putative FMN/FAD exporter YeeO
[17:16:53] Modify product: Probable branched-chain-amino-acid aminotransferase => putative branched-chain-amino-acid aminotransferase
[17:16:53] Modify product: UPF0053 protein Rv2366c => hypothetical protein
[17:16:53] Modify product: Uncharacterized protein YqeH => putative protein YqeH
[17:16:53] Modify product: Uncharacterized protein Rv1488 => putative protein
[17:16:53] Modify product: Nucleoid-associated protein Cthe_2143 => Nucleoid-associated protein
[17:16:53] Modify product: Uncharacterized protein YqeY => putative protein YqeY
[17:16:53] Modify product: Uncharacterized ABC transporter ATP-binding protein YknY => putative ABC transporter ATP-binding protein YknY
[17:16:53] Modify product: Probable CtpA-like serine protease => putative CtpA-like serine protease
[17:16:53] Modify product: UPF0145 protein BCE33L0904 => hypothetical protein
[17:16:53] Modify product: Probable transcriptional regulatory protein aq_1575 => putative transcriptional regulatory protein
[17:16:53] Modify product: Probable ABC transporter-binding protein DR_1571 => putative ABC transporter-binding protein
[17:16:53] Modify product: Uncharacterized ABC transporter ATP-binding protein YknY => putative ABC transporter ATP-binding protein YknY
[17:16:53] Modify product: Probable endonuclease 4 => putative endonuclease 4
[17:16:53] Modify product: Rqc2 homolog RqcH => Rqc2 RqcH
[17:16:53] Modify product: Probable M18 family aminopeptidase 1 => putative M18 family aminopeptidase 1
[17:16:53] Modify product: Uncharacterized protein M6_Spy0233 => putative protein
[17:16:53] Modify product: Probable membrane transporter protein YfcA => putative membrane transporter protein YfcA
[17:16:53] Modify product: Uncharacterized membrane protein YdfK => putative membrane protein YdfK
[17:16:53] Modify product: Probable peptidoglycan glycosyltransferase FtsW => putative peptidoglycan glycosyltransferase FtsW
[17:16:53] Modify product: UPF0111 protein HI_1603 => hypothetical protein
[17:16:53] Modify product: Uncharacterized ABC transporter ATP-binding protein Rv1273c => putative ABC transporter ATP-binding protein
[17:16:53] Modify product: Uncharacterized ABC transporter ATP-binding protein TM_0288 => putative ABC transporter ATP-binding protein
[17:16:53] Modify product: Putative peptide transport permease protein Rv1282c => Putative peptide transport permease protein
[17:16:53] Modify product: Probable copper-importing P-type ATPase A => putative copper-importing P-type ATPase A
[17:16:53] Modify product: Uncharacterized HTH-type transcriptional regulator YbbH => putative HTH-type transcriptional regulator YbbH
[17:16:53] Modify product: Uncharacterized protein Rv1829 => putative protein
[17:16:53] Modify product: Cyclic di-GMP phosphodiesterase TM_0186 => Cyclic di-GMP phosphodiesterase
[17:16:53] Modify product: S-adenosyl-L-methionine-binding protein RPA0152 => S-adenosyl-L-methionine-binding protein
[17:16:53] Modify product: Uncharacterized protein HI_1472 => putative protein
[17:16:53] Modify product: Probable iron export permease protein FetB => putative iron export permease protein FetB
[17:16:53] Modify product: Probable glycine dehydrogenase (decarboxylating) subunit 1 => putative glycine dehydrogenase (decarboxylating) subunit 1
[17:16:53] Modify product: Probable glycine dehydrogenase (decarboxylating) subunit 2 => putative glycine dehydrogenase (decarboxylating) subunit 2
[17:16:53] Modify product: Probable ATP synthase YscN => putative ATP synthase YscN
[17:16:53] Modify product: UPF0166 protein TM_0021 => hypothetical protein
[17:16:53] Modify product: Uncharacterized ABC transporter ATP-binding protein TM_0288 => putative ABC transporter ATP-binding protein
[17:16:53] Modify product: Putative peptide transport permease protein Rv1282c => Putative peptide transport permease protein
[17:16:53] Modify product: Probable nicotinate-nucleotide adenylyltransferase => putative nicotinate-nucleotide adenylyltransferase
[17:16:53] Modify product: Probable riboflavin import permease protein RfuD => putative riboflavin import permease protein RfuD
[17:16:53] Modify product: UPF0111 protein HI_1603 => hypothetical protein
[17:16:53] Modify product: Uncharacterized transporter Rv2685 => putative transporter
[17:16:53] Modify product: UPF0394 inner membrane protein YeeE => hypothetical protein
[17:16:53] Modify product: Putative sulfur carrier protein TM_0983 => Putative sulfur carrier protein
[17:16:53] Modify product: Uncharacterized oxidoreductase YtbE => putative oxidoreductase YtbE
[17:16:53] Modify product: Multidrug efflux system ATP-binding protein Rv1218c => Multidrug efflux system ATP-binding protein
[17:16:53] Modify product: Uncharacterized transporter Rv2685 => putative transporter
[17:16:53] Modify product: Probable septum site-determining protein MinC => putative septum site-determining protein MinC
[17:16:53] Modify product: Putative anti-sigma factor antagonist TM_1081 => Putative anti-sigma factor antagonist
[17:16:53] Modify product: Leu/Ile/Val-binding protein homolog 3 => Leu/Ile/Val-binding protein 
[17:16:53] Modify product: UPF0758 protein YsxA => hypothetical protein
[17:16:53] Modify product: Uncharacterized protein TM_1570 => putative protein
[17:16:53] Modify product: Probable transcription repressor NiaR => putative transcription repressor NiaR
[17:16:53] Modify product: DegV domain-containing protein MW1315 => DegV domain-containing protein
[17:16:53] Modify product: UPF0047 protein Rv2556c => hypothetical protein
[17:16:53] Modify product: Cyclic di-GMP phosphodiesterase TM_0186 => Cyclic di-GMP phosphodiesterase
[17:16:53] Modify product: Probable D,D-dipeptide transport system permease protein DdpC => putative D,D-dipeptide transport system permease protein DdpC
[17:16:53] Modify product: UPF0173 metal-dependent hydrolase TM_1162 => hypothetical protein
[17:16:53] Modify product: Putative peptide transport permease protein Rv1282c => Putative peptide transport permease protein
[17:16:53] Modify product: Bifunctional protein FolD => Bifunctional protein FolD protein
[17:16:54] Modify product: Uncharacterized protein SA1069 => putative protein
[17:16:54] Modify product: Probable chromate transport protein => putative chromate transport protein
[17:16:54] Modify product: Probable N-glycosylase/DNA lyase => putative N-glycosylase/DNA lyase
[17:16:54] Modify product: Uncharacterized protein TM_1410 => putative protein
[17:16:54] Modify product: Protein TM_1420 => Protein
[17:16:54] Modify product: Uncharacterized protein YgcP => putative protein YgcP
[17:16:54] Modify product: Uncharacterized protein YgcP => putative protein YgcP
[17:16:54] Modify product: 1,4-alpha-glucan branching enzyme TTHA1902 => 1,4-alpha-glucan branching enzyme
[17:16:54] Modify product: 1,4-alpha-glucan branching enzyme TTHA1902 => 1,4-alpha-glucan branching enzyme
[17:16:54] Modify product: Putative anti-sigma factor antagonist TM_1442 => Putative anti-sigma factor antagonist
[17:16:54] Modify product: Probable GTP-binding protein EngB => putative GTP-binding protein EngB
[17:16:54] Modify product: Fatty acid-binding protein TM_1468 => Fatty acid-binding protein
[17:16:54] Modify product: Phosphorylated carbohydrates phosphatase TM_1254 => Phosphorylated carbohydrates phosphatase
[17:16:54] Modify product: Probable multidrug resistance ABC transporter ATP-binding/permease protein YheI => putative multidrug resistance ABC transporter ATP-binding/permease protein YheI
[17:16:54] Modify product: Phosphate-specific transport system accessory protein PhoU homolog => Phosphate-specific transport system accessory protein PhoU 
[17:16:54] Modify product: Uncharacterized protein Rv2003c => putative protein
[17:16:54] Modify product: Putative multidrug export ATP-binding/permease protein SAV1866 => Putative multidrug export ATP-binding/permease protein
[17:16:54] Modify product: Putative multidrug export ATP-binding/permease protein SAV1866 => Putative multidrug export ATP-binding/permease protein
[17:16:54] Modify product: Uncharacterized zinc protease Rv2782c => putative zinc protease
[17:16:54] Modify product: UPF0051 protein SA0778 => hypothetical protein
[17:16:54] Modify product: Probable cysteine desulfurase => putative cysteine desulfurase
[17:16:54] Modify product: Probable DNA double-strand break repair Rad50 ATPase => putative DNA double-strand break repair Rad50 ATPase
[17:16:54] Modify product: Dihydroorotate dehydrogenase B (NAD(+)), electron transfer subunit homolog => Dihydroorotate dehydrogenase B (NAD(+)), electron transfer subunit 
[17:16:54] Modify product: Probable nicotinate-nucleotide pyrophosphorylase [carboxylating] => putative nicotinate-nucleotide pyrophosphorylase [carboxylating]
[17:16:54] Modify product: UPF0701 protein HI_0467 => hypothetical protein
[17:16:54] Modify product: Probable tRNA sulfurtransferase => putative tRNA sulfurtransferase
[17:16:54] Modify product: Probable cell division protein WhiA => putative cell division protein WhiA
[17:16:54] Modify product: Nucleotide-binding protein SA0720 => Nucleotide-binding protein
[17:16:54] Modify product: Probable dual-specificity RNA methyltransferase RlmN => putative dual-specificity RNA methyltransferase RlmN
[17:16:54] Modify product: Acetyltransferase SACOL1063 => Acetyltransferase
[17:16:54] Modify product: Phosphate-specific transport system accessory protein PhoU homolog 2 => Phosphate-specific transport system accessory protein PhoU 
[17:16:54] Modify product: Probable butyrate kinase 2 => putative butyrate kinase 2
[17:16:54] Modify product: Probable butyrate kinase 2 => putative butyrate kinase 2
[17:16:54] Cleaned 97 /product names
[17:16:54] Deleting unwanted file: tmp//GCF_000008545.1_ASM854v1_genomic.sprot.tmp.635501.faa
[17:16:54] Deleting unwanted file: tmp//GCF_000008545.1_ASM854v1_genomic.sprot.tmp.635501.blast
[17:16:54] There are still 823 unannotated CDS left (started with 1861)
[17:16:54] Will use hmmer3 to search against /ibex/sw/csi/prokka/1.14.5/conda2/miniconda2/db/hmm/HAMAP.hmm with 8 CPUs
[17:16:54] Running: cat tmp\/\/GCF_000008545\.1_ASM854v1_genomic\.HAMAP\.hmm\.tmp\.635501\.faa | parallel --gnu --plain -j 8 --block 15925 --recstart '>' --pipe hmmscan --noali --notextw --acc -E 1e-09 --cpu 1 /ibex/sw/csi/prokka/1.14.5/conda2/miniconda2/db/hmm/HAMAP.hmm /dev/stdin > tmp\/\/GCF_000008545\.1_ASM854v1_genomic\.HAMAP\.hmm\.tmp\.635501\.hmmer3 2> /dev/null
[17:16:59] Deleting unwanted file: tmp//GCF_000008545.1_ASM854v1_genomic.HAMAP.hmm.tmp.635501.faa
[17:16:59] Deleting unwanted file: tmp//GCF_000008545.1_ASM854v1_genomic.HAMAP.hmm.tmp.635501.hmmer3
[17:16:59] Labelling remaining 664 proteins as 'hypothetical protein'
[17:16:59] Possible /pseudo 'NADP-reducing hydrogenase subunit HndA' at NC_000853.1 position 241714
[17:16:59] Possible /pseudo 'Glucose-1-phosphate adenylyltransferase' at NC_000853.1 position 255144
[17:16:59] Possible /pseudo '3'-5' exoribonuclease YhaM' at NC_000853.1 position 266630
[17:16:59] Possible /pseudo 'putative ABC transporter ATP-binding protein' at NC_000853.1 position 304876
[17:16:59] Possible /pseudo 'Glycerol-3-phosphate dehydrogenase [NAD(P)+]' at NC_000853.1 position 397878
[17:16:59] Possible /pseudo 'Inositol 2-dehydrogenase/D-chiro-inositol 3-dehydrogenase' at NC_000853.1 position 444038
[17:16:59] Possible /pseudo 'D-inositol-3-phosphate glycosyltransferase' at NC_000853.1 position 657840
[17:16:59] Possible /pseudo 'IS200/IS605 family transposase ISTma1' at NC_000853.1 position 1021220
[17:16:59] Possible /pseudo 'Putative aminopeptidase YsdC' at NC_000853.1 position 1064625
[17:16:59] Possible /pseudo 'Putative aminopeptidase YsdC' at NC_000853.1 position 1065641
[17:16:59] Possible /pseudo 'Oligopeptide transport ATP-binding protein OppD' at NC_000853.1 position 1166006
[17:16:59] Possible /pseudo 'Glycogen phosphorylase' at NC_000853.1 position 1183460
[17:16:59] Possible /pseudo 'Iron-sulfur cluster carrier protein' at NC_000853.1 position 1318205
[17:16:59] Possible /pseudo 'GTP 3',8-cyclase' at NC_000853.1 position 1344734
[17:16:59] Possible /pseudo 'Bifunctional IPC transferase and DIPP synthase' at NC_000853.1 position 1433370
[17:16:59] Possible /pseudo '1,4-alpha-glucan branching enzyme' at NC_000853.1 position 1453974
[17:16:59] Possible /pseudo 'Flagellar basal-body rod protein FlgG' at NC_000853.1 position 1534973
[17:16:59] Possible /pseudo 'Argininosuccinate lyase' at NC_000853.1 position 1757542
[17:16:59] Found 929 unique /gene codes.
[17:16:59] Fixed 2 duplicate /gene - fabG_1 fabG_2
[17:16:59] Fixed 3 duplicate /gene - spoVS_1 spoVS_2 spoVS_3
[17:16:59] Fixed 3 duplicate /gene - lnrL_1 lnrL_2 lnrL_3
[17:16:59] Fixed 2 duplicate /gene - punA_1 punA_2
[17:16:59] Fixed 3 duplicate /gene - araQ_1 araQ_2 araQ_3
[17:16:59] Fixed 2 duplicate /gene - rsxC_1 rsxC_2
[17:16:59] Fixed 4 duplicate /gene - gsiC_1 gsiC_2 gsiC_3 gsiC_4
[17:16:59] Fixed 4 duplicate /gene - rsxB_1 rsxB_2 rsxB_3 rsxB_4
[17:16:59] Fixed 2 duplicate /gene - purF_1 purF_2
[17:16:59] Fixed 2 duplicate /gene - plsY_1 plsY_2
[17:16:59] Fixed 2 duplicate /gene - phoP_1 phoP_2
[17:16:59] Fixed 2 duplicate /gene - dnaJ_1 dnaJ_2
[17:16:59] Fixed 2 duplicate /gene - rbsA_1 rbsA_2
[17:16:59] Fixed 2 duplicate /gene - fur_1 fur_2
[17:16:59] Fixed 2 duplicate /gene - axeA_1 axeA_2
[17:16:59] Fixed 2 duplicate /gene - rlmN_1 rlmN_2
[17:16:59] Fixed 2 duplicate /gene - dxs_1 dxs_2
[17:16:59] Fixed 11 duplicate /gene - oppD_1 oppD_2 oppD_3 oppD_4 oppD_5 oppD_6 oppD_7 oppD_8 oppD_9 oppD_10 oppD_11
[17:16:59] Fixed 2 duplicate /gene - oppB_1 oppB_2
[17:16:59] Fixed 2 duplicate /gene - sufC_1 sufC_2
[17:16:59] Fixed 2 duplicate /gene - malE_1 malE_2
[17:16:59] Fixed 4 duplicate /gene - sasA_1 sasA_2 sasA_3 sasA_4
[17:16:59] Fixed 2 duplicate /gene - atpD_1 atpD_2
[17:16:59] Fixed 2 duplicate /gene - bacC_1 bacC_2
[17:16:59] Fixed 7 duplicate /gene - oppF_1 oppF_2 oppF_3 oppF_4 oppF_5 oppF_6 oppF_7
[17:16:59] Fixed 2 duplicate /gene - alaS_1 alaS_2
[17:16:59] Fixed 2 duplicate /gene - ruvB_1 ruvB_2
[17:16:59] Fixed 2 duplicate /gene - csp_1 csp_2
[17:16:59] Fixed 2 duplicate /gene - nadE_1 nadE_2
[17:16:59] Fixed 2 duplicate /gene - msmX_1 msmX_2
[17:16:59] Fixed 3 duplicate /gene - COQ5_1 COQ5_2 COQ5_3
[17:16:59] Fixed 4 duplicate /gene - mshA_1 mshA_2 mshA_3 mshA_4
[17:16:59] Fixed 2 duplicate /gene - melD_1 melD_2
[17:16:59] Fixed 2 duplicate /gene - argH_1 argH_2
[17:16:59] Fixed 2 duplicate /gene - IMPDH_1 IMPDH_2
[17:16:59] Fixed 2 duplicate /gene - hndD_1 hndD_2
[17:16:59] Fixed 2 duplicate /gene - hmuU_1 hmuU_2
[17:16:59] Fixed 2 duplicate /gene - iolS_1 iolS_2
[17:16:59] Fixed 2 duplicate /gene - omp-alpha_1 omp-alpha_2
[17:16:59] Fixed 3 duplicate /gene - mcp1_1 mcp1_2 mcp1_3
[17:16:59] Fixed 2 duplicate /gene - pyrH_1 pyrH_2
[17:16:59] Fixed 3 duplicate /gene - pnp_1 pnp_2 pnp_3
[17:16:59] Fixed 2 duplicate /gene - trpB_1 trpB_2
[17:16:59] Fixed 2 duplicate /gene - cheB_1 cheB_2
[17:16:59] Fixed 2 duplicate /gene - uvrB_1 uvrB_2
[17:16:59] Fixed 2 duplicate /gene - ndhB_1 ndhB_2
[17:16:59] Fixed 2 duplicate /gene - fusA_1 fusA_2
[17:16:59] Fixed 2 duplicate /gene - der_1 der_2
[17:16:59] Fixed 3 duplicate /gene - smc_1 smc_2 smc_3
[17:16:59] Fixed 2 duplicate /gene - yknY_1 yknY_2
[17:16:59] Fixed 2 duplicate /gene - rbsC_1 rbsC_2
[17:16:59] Fixed 2 duplicate /gene - spsI_1 spsI_2
[17:16:59] Fixed 2 duplicate /gene - hisC_1 hisC_2
[17:16:59] Fixed 2 duplicate /gene - pta_1 pta_2
[17:16:59] Fixed 2 duplicate /gene - rsmC_1 rsmC_2
[17:16:59] Fixed 2 duplicate /gene - spoIIAB_1 spoIIAB_2
[17:16:59] Fixed 2 duplicate /gene - sugA_1 sugA_2
[17:16:59] Fixed 2 duplicate /gene - glgP_1 glgP_2
[17:16:59] Fixed 2 duplicate /gene - dppA_1 dppA_2
[17:16:59] Fixed 3 duplicate /gene - rny_1 rny_2 rny_3
[17:16:59] Fixed 2 duplicate /gene - sugB_1 sugB_2
[17:16:59] Fixed 3 duplicate /gene - xylB_1 xylB_2 xylB_3
[17:16:59] Fixed 4 duplicate /gene - dppB_1 dppB_2 dppB_3 dppB_4
[17:16:59] Fixed 2 duplicate /gene - padE_1 padE_2
[17:16:59] Fixed 2 duplicate /gene - lptD_1 lptD_2
[17:16:59] Fixed 4 duplicate /gene - hndA_1 hndA_2 hndA_3 hndA_4
[17:16:59] Fixed 2 duplicate /gene - glmS_1 glmS_2
[17:16:59] Fixed 2 duplicate /gene - gloB_1 gloB_2
[17:16:59] Fixed 2 duplicate /gene - degA_1 degA_2
[17:16:59] Fixed 3 duplicate /gene - nagC_1 nagC_2 nagC_3
[17:16:59] Fixed 2 duplicate /gene - lacZ_1 lacZ_2
[17:16:59] Fixed 2 duplicate /gene - ygcP_1 ygcP_2
[17:16:59] Fixed 3 duplicate /gene - natA_1 natA_2 natA_3
[17:16:59] Fixed 3 duplicate /gene - agpA_1 agpA_2 agpA_3
[17:16:59] Fixed 2 duplicate /gene - cheW_1 cheW_2
[17:16:59] Fixed 3 duplicate /gene - miaB_1 miaB_2 miaB_3
[17:16:59] Fixed 2 duplicate /gene - trxB_1 trxB_2
[17:16:59] Fixed 4 duplicate /gene - aglA_1 aglA_2 aglA_3 aglA_4
[17:16:59] Fixed 2 duplicate /gene - entS_1 entS_2
[17:16:59] Fixed 2 duplicate /gene - cymR_1 cymR_2
[17:16:59] Fixed 2 duplicate /gene - yhaM_1 yhaM_2
[17:16:59] Fixed 2 duplicate /gene - mazG_1 mazG_2
[17:16:59] Fixed 2 duplicate /gene - acpP_1 acpP_2
[17:16:59] Fixed 2 duplicate /gene - polC_1 polC_2
[17:16:59] Fixed 2 duplicate /gene - purR_1 purR_2
[17:16:59] Fixed 2 duplicate /gene - oppC_1 oppC_2
[17:16:59] Fixed 3 duplicate /gene - iolG_1 iolG_2 iolG_3
[17:16:59] Fixed 2 duplicate /gene - lptB_1 lptB_2
[17:16:59] Fixed 2 duplicate /gene - glpK_1 glpK_2
[17:16:59] Fixed 2 duplicate /gene - gpsA_1 gpsA_2
[17:16:59] Fixed 2 duplicate /gene - DmdB_1 DmdB_2
[17:16:59] Fixed 2 duplicate /gene - lacF_1 lacF_2
[17:16:59] Fixed 2 duplicate /gene - ftsA_1 ftsA_2
[17:16:59] Fixed 2 duplicate /gene - pyrC_1 pyrC_2
[17:16:59] Fixed 2 duplicate /gene - nth_1 nth_2
[17:16:59] Fixed 3 duplicate /gene - clpC_1 clpC_2 clpC_3
[17:16:59] Fixed 7 duplicate /gene - moaA_1 moaA_2 moaA_3 moaA_4 moaA_5 moaA_6 moaA_7
[17:16:59] Fixed 5 duplicate /gene - btuD_1 btuD_2 btuD_3 btuD_4 btuD_5
[17:16:59] Fixed 3 duplicate /gene - ysdC_1 ysdC_2 ysdC_3
[17:16:59] Fixed 3 duplicate /gene - ndhI_1 ndhI_2 ndhI_3
[17:16:59] Fixed 2 duplicate /gene - galT_1 galT_2
[17:16:59] Fixed 2 duplicate /gene - korA_1 korA_2
[17:16:59] Fixed 2 duplicate /gene - buk2_1 buk2_2
[17:16:59] Fixed 2 duplicate /gene - cheC_1 cheC_2
[17:16:59] Fixed 2 duplicate /gene - glgC_1 glgC_2
[17:16:59] Fixed 2 duplicate /gene - flhB_1 flhB_2
[17:16:59] Fixed 2 duplicate /gene - flgG_1 flgG_2
[17:16:59] Fixed 107 colliding /gene names.
[17:16:59] Adding /locus_tag identifiers
[17:17:00] Assigned 1911 locus_tags to CDS and RNA features.
[17:17:00] Writing outputs to tmp//
[17:17:00] Generating annotation statistics file
[17:17:00] Generating Genbank and Sequin files
[17:17:00] Running: tbl2asn -V b -a r10k -l paired-ends -M n -N 1 -y 'Annotated using prokka 1.14.6 from https://github.com/tseemann/prokka' -Z tmp\/\/GCF_000008545\.1_ASM854v1_genomic\.err -i tmp\/\/GCF_000008545\.1_ASM854v1_genomic\.fsa 2> /dev/null
[17:17:03] Deleting unwanted file: tmp//errorsummary.val
[17:17:03] Deleting unwanted file: tmp//GCF_000008545.1_ASM854v1_genomic.dr
[17:17:03] Deleting unwanted file: tmp//GCF_000008545.1_ASM854v1_genomic.fixedproducts
[17:17:03] Deleting unwanted file: tmp//GCF_000008545.1_ASM854v1_genomic.ecn
[17:17:03] Deleting unwanted file: tmp//GCF_000008545.1_ASM854v1_genomic.val
[17:17:03] Repairing broken .GBK output that tbl2asn produces...
[17:17:03] Running: sed 's/COORDINATES: profile/COORDINATES:profile/' < tmp\/\/GCF_000008545\.1_ASM854v1_genomic\.gbf > tmp\/\/GCF_000008545\.1_ASM854v1_genomic\.gbk
[17:17:03] Deleting unwanted file: tmp//GCF_000008545.1_ASM854v1_genomic.gbf
[17:17:03] Output files:
[17:17:03] tmp/GCF_000008545.1_ASM854v1_genomic.log
[17:17:03] tmp/GCF_000008545.1_ASM854v1_genomic.fna
[17:17:03] tmp/GCF_000008545.1_ASM854v1_genomic.gff
[17:17:03] tmp/GCF_000008545.1_ASM854v1_genomic.faa
[17:17:03] tmp/GCF_000008545.1_ASM854v1_genomic.ffn
[17:17:03] tmp/GCF_000008545.1_ASM854v1_genomic.tbl
[17:17:03] tmp/GCF_000008545.1_ASM854v1_genomic.fsa
[17:17:03] tmp/GCF_000008545.1_ASM854v1_genomic.tsv
[17:17:03] tmp/GCF_000008545.1_ASM854v1_genomic.txt
[17:17:03] tmp/GCF_000008545.1_ASM854v1_genomic.gbk
[17:17:03] tmp/GCF_000008545.1_ASM854v1_genomic.sqn
[17:17:03] tmp/GCF_000008545.1_ASM854v1_genomic.err
[17:17:03] Annotation finished successfully.
[17:17:03] Walltime used: 0.82 minutes
[17:17:03] If you use this result please cite the Prokka paper:
[17:17:03] Seemann T (2014) Prokka: rapid prokaryotic genome annotation. Bioinformatics. 30(14):2068-9.
[17:17:03] Type 'prokka --citation' for more details.
[17:17:03] Share and enjoy!
